{"C:\\Projects\\life_planner\\src\\actions\\area-actions.ts": {"path":"C:\\Projects\\life_planner\\src\\actions\\area-actions.ts","statementMap":{"0":{"start":{"line":11,"column":19},"end":{"line":11,"column":null}},"1":{"start":{"line":14,"column":6},"end":{"line":14,"column":null}},"2":{"start":{"line":15,"column":2},"end":{"line":15,"column":null}},"3":{"start":{"line":15,"column":13},"end":{"line":15,"column":null}},"4":{"start":{"line":17,"column":15},"end":{"line":17,"column":null}},"5":{"start":{"line":18,"column":15},"end":{"line":18,"column":null}},"6":{"start":{"line":19,"column":16},"end":{"line":19,"column":null}},"7":{"start":{"line":20,"column":22},"end":{"line":20,"column":null}},"8":{"start":{"line":22,"column":20},"end":{"line":22,"column":null}},"9":{"start":{"line":24,"column":20},"end":{"line":30,"column":null}},"10":{"start":{"line":32,"column":2},"end":{"line":32,"column":null}},"11":{"start":{"line":33,"column":2},"end":{"line":33,"column":null}},"12":{"start":{"line":37,"column":19},"end":{"line":37,"column":null}},"13":{"start":{"line":40,"column":6},"end":{"line":40,"column":null}},"14":{"start":{"line":41,"column":2},"end":{"line":41,"column":null}},"15":{"start":{"line":41,"column":13},"end":{"line":41,"column":null}},"16":{"start":{"line":43,"column":15},"end":{"line":43,"column":null}},"17":{"start":{"line":44,"column":15},"end":{"line":44,"column":null}},"18":{"start":{"line":45,"column":16},"end":{"line":45,"column":null}},"19":{"start":{"line":46,"column":22},"end":{"line":46,"column":null}},"20":{"start":{"line":48,"column":20},"end":{"line":48,"column":null}},"21":{"start":{"line":50,"column":24},"end":{"line":54,"column":null}},"22":{"start":{"line":56,"column":2},"end":{"line":56,"column":null}},"23":{"start":{"line":57,"column":2},"end":{"line":57,"column":null}},"24":{"start":{"line":61,"column":19},"end":{"line":61,"column":null}},"25":{"start":{"line":64,"column":6},"end":{"line":64,"column":null}},"26":{"start":{"line":65,"column":2},"end":{"line":65,"column":null}},"27":{"start":{"line":65,"column":13},"end":{"line":65,"column":null}},"28":{"start":{"line":67,"column":2},"end":{"line":69,"column":null}},"29":{"start":{"line":71,"column":2},"end":{"line":71,"column":null}},"30":{"start":{"line":75,"column":19},"end":{"line":75,"column":null}},"31":{"start":{"line":78,"column":6},"end":{"line":78,"column":null}},"32":{"start":{"line":79,"column":2},"end":{"line":79,"column":null}},"33":{"start":{"line":79,"column":13},"end":{"line":79,"column":null}},"34":{"start":{"line":81,"column":15},"end":{"line":83,"column":null}},"35":{"start":{"line":85,"column":2},"end":{"line":85,"column":null}},"36":{"start":{"line":85,"column":13},"end":{"line":85,"column":null}},"37":{"start":{"line":87,"column":2},"end":{"line":90,"column":null}},"38":{"start":{"line":92,"column":2},"end":{"line":92,"column":null}},"39":{"start":{"line":96,"column":19},"end":{"line":96,"column":null}},"40":{"start":{"line":99,"column":6},"end":{"line":99,"column":null}},"41":{"start":{"line":100,"column":2},"end":{"line":100,"column":null}},"42":{"start":{"line":100,"column":13},"end":{"line":100,"column":null}},"43":{"start":{"line":102,"column":2},"end":{"line":109,"column":null}},"44":{"start":{"line":104,"column":6},"end":{"line":107,"column":null}},"45":{"start":{"line":111,"column":2},"end":{"line":111,"column":null}}},"fnMap":{"0":{"name":"createArea","decl":{"start":{"line":10,"column":22},"end":{"line":10,"column":33}},"loc":{"start":{"line":10,"column":53},"end":{"line":34,"column":null}},"line":10},"1":{"name":"updateArea","decl":{"start":{"line":36,"column":22},"end":{"line":36,"column":33}},"loc":{"start":{"line":36,"column":65},"end":{"line":58,"column":null}},"line":36},"2":{"name":"deleteArea","decl":{"start":{"line":60,"column":22},"end":{"line":60,"column":33}},"loc":{"start":{"line":60,"column":45},"end":{"line":72,"column":null}},"line":60},"3":{"name":"archiveArea","decl":{"start":{"line":74,"column":22},"end":{"line":74,"column":34}},"loc":{"start":{"line":74,"column":46},"end":{"line":93,"column":null}},"line":74},"4":{"name":"reorderAreas","decl":{"start":{"line":95,"column":22},"end":{"line":95,"column":35}},"loc":{"start":{"line":95,"column":57},"end":{"line":112,"column":null}},"line":95},"5":{"name":"(anonymous_5)","decl":{"start":{"line":103,"column":19},"end":{"line":103,"column":20}},"loc":{"start":{"line":104,"column":6},"end":{"line":107,"column":null}},"line":104}},"branchMap":{"0":{"loc":{"start":{"line":15,"column":2},"end":{"line":15,"column":null}},"type":"if","locations":[{"start":{"line":15,"column":2},"end":{"line":15,"column":null}},{"start":{},"end":{}}],"line":15},"1":{"loc":{"start":{"line":41,"column":2},"end":{"line":41,"column":null}},"type":"if","locations":[{"start":{"line":41,"column":2},"end":{"line":41,"column":null}},{"start":{},"end":{}}],"line":41},"2":{"loc":{"start":{"line":65,"column":2},"end":{"line":65,"column":null}},"type":"if","locations":[{"start":{"line":65,"column":2},"end":{"line":65,"column":null}},{"start":{},"end":{}}],"line":65},"3":{"loc":{"start":{"line":79,"column":2},"end":{"line":79,"column":null}},"type":"if","locations":[{"start":{"line":79,"column":2},"end":{"line":79,"column":null}},{"start":{},"end":{}}],"line":79},"4":{"loc":{"start":{"line":85,"column":2},"end":{"line":85,"column":null}},"type":"if","locations":[{"start":{"line":85,"column":2},"end":{"line":85,"column":null}},{"start":{},"end":{}}],"line":85},"5":{"loc":{"start":{"line":100,"column":2},"end":{"line":100,"column":null}},"type":"if","locations":[{"start":{"line":100,"column":2},"end":{"line":100,"column":null}},{"start":{},"end":{}}],"line":100}},"s":{"0":3,"1":3,"2":3,"3":1,"4":2,"5":2,"6":2,"7":2,"8":2,"9":2,"10":1,"11":1,"12":2,"13":2,"14":2,"15":1,"16":1,"17":1,"18":1,"19":1,"20":1,"21":1,"22":1,"23":1,"24":2,"25":2,"26":2,"27":1,"28":1,"29":1,"30":3,"31":3,"32":3,"33":1,"34":2,"35":2,"36":2,"37":1,"38":1,"39":1,"40":1,"41":1,"42":0,"43":1,"44":1,"45":1},"f":{"0":3,"1":2,"2":2,"3":3,"4":1,"5":1},"b":{"0":[1,2],"1":[1,1],"2":[1,1],"3":[1,2],"4":[1,1],"5":[0,1]},"meta":{"lastBranch":6,"lastFunction":6,"lastStatement":46,"seen":{"f:10:22:10:33":0,"s:11:19:11:Infinity":0,"s:14:6:14:Infinity":1,"b:15:2:15:Infinity:undefined:undefined:undefined:undefined":0,"s:15:2:15:Infinity":2,"s:15:13:15:Infinity":3,"s:17:15:17:Infinity":4,"s:18:15:18:Infinity":5,"s:19:16:19:Infinity":6,"s:20:22:20:Infinity":7,"s:22:20:22:Infinity":8,"s:24:20:30:Infinity":9,"s:32:2:32:Infinity":10,"s:33:2:33:Infinity":11,"f:36:22:36:33":1,"s:37:19:37:Infinity":12,"s:40:6:40:Infinity":13,"b:41:2:41:Infinity:undefined:undefined:undefined:undefined":1,"s:41:2:41:Infinity":14,"s:41:13:41:Infinity":15,"s:43:15:43:Infinity":16,"s:44:15:44:Infinity":17,"s:45:16:45:Infinity":18,"s:46:22:46:Infinity":19,"s:48:20:48:Infinity":20,"s:50:24:54:Infinity":21,"s:56:2:56:Infinity":22,"s:57:2:57:Infinity":23,"f:60:22:60:33":2,"s:61:19:61:Infinity":24,"s:64:6:64:Infinity":25,"b:65:2:65:Infinity:undefined:undefined:undefined:undefined":2,"s:65:2:65:Infinity":26,"s:65:13:65:Infinity":27,"s:67:2:69:Infinity":28,"s:71:2:71:Infinity":29,"f:74:22:74:34":3,"s:75:19:75:Infinity":30,"s:78:6:78:Infinity":31,"b:79:2:79:Infinity:undefined:undefined:undefined:undefined":3,"s:79:2:79:Infinity":32,"s:79:13:79:Infinity":33,"s:81:15:83:Infinity":34,"b:85:2:85:Infinity:undefined:undefined:undefined:undefined":4,"s:85:2:85:Infinity":35,"s:85:13:85:Infinity":36,"s:87:2:90:Infinity":37,"s:92:2:92:Infinity":38,"f:95:22:95:35":4,"s:96:19:96:Infinity":39,"s:99:6:99:Infinity":40,"b:100:2:100:Infinity:undefined:undefined:undefined:undefined":5,"s:100:2:100:Infinity":41,"s:100:13:100:Infinity":42,"s:102:2:109:Infinity":43,"f:103:19:103:20":5,"s:104:6:107:Infinity":44,"s:111:2:111:Infinity":45}}}
,"C:\\Projects\\life_planner\\src\\actions\\auth-actions.ts": {"path":"C:\\Projects\\life_planner\\src\\actions\\auth-actions.ts","statementMap":{"0":{"start":{"line":8,"column":19},"end":{"line":11,"column":null}},"1":{"start":{"line":14,"column":19},"end":{"line":14,"column":null}},"2":{"start":{"line":16,"column":16},"end":{"line":16,"column":null}},"3":{"start":{"line":17,"column":19},"end":{"line":17,"column":null}},"4":{"start":{"line":19,"column":20},"end":{"line":22,"column":null}},"5":{"start":{"line":24,"column":2},"end":{"line":26,"column":null}},"6":{"start":{"line":25,"column":4},"end":{"line":25,"column":null}},"7":{"start":{"line":28,"column":2},"end":{"line":28,"column":null}},"8":{"start":{"line":29,"column":2},"end":{"line":29,"column":null}},"9":{"start":{"line":33,"column":19},"end":{"line":33,"column":null}},"10":{"start":{"line":35,"column":16},"end":{"line":35,"column":null}},"11":{"start":{"line":36,"column":19},"end":{"line":36,"column":null}},"12":{"start":{"line":37,"column":20},"end":{"line":40,"column":null}},"13":{"start":{"line":42,"column":2},"end":{"line":44,"column":null}},"14":{"start":{"line":43,"column":4},"end":{"line":43,"column":null}},"15":{"start":{"line":46,"column":2},"end":{"line":46,"column":null}},"16":{"start":{"line":47,"column":2},"end":{"line":47,"column":null}},"17":{"start":{"line":51,"column":19},"end":{"line":51,"column":null}},"18":{"start":{"line":52,"column":2},"end":{"line":52,"column":null}},"19":{"start":{"line":53,"column":2},"end":{"line":53,"column":null}},"20":{"start":{"line":54,"column":2},"end":{"line":54,"column":null}},"21":{"start":{"line":58,"column":19},"end":{"line":58,"column":null}},"22":{"start":{"line":59,"column":16},"end":{"line":59,"column":null}},"23":{"start":{"line":61,"column":20},"end":{"line":63,"column":null}},"24":{"start":{"line":65,"column":2},"end":{"line":67,"column":null}},"25":{"start":{"line":66,"column":4},"end":{"line":66,"column":null}},"26":{"start":{"line":69,"column":2},"end":{"line":69,"column":null}}},"fnMap":{"0":{"name":"signIn","decl":{"start":{"line":13,"column":22},"end":{"line":13,"column":29}},"loc":{"start":{"line":13,"column":49},"end":{"line":30,"column":null}},"line":13},"1":{"name":"signUp","decl":{"start":{"line":32,"column":22},"end":{"line":32,"column":29}},"loc":{"start":{"line":32,"column":49},"end":{"line":48,"column":null}},"line":32},"2":{"name":"signOut","decl":{"start":{"line":50,"column":22},"end":{"line":50,"column":32}},"loc":{"start":{"line":50,"column":32},"end":{"line":55,"column":null}},"line":50},"3":{"name":"resetPassword","decl":{"start":{"line":57,"column":22},"end":{"line":57,"column":36}},"loc":{"start":{"line":57,"column":56},"end":{"line":70,"column":null}},"line":57}},"branchMap":{"0":{"loc":{"start":{"line":24,"column":2},"end":{"line":26,"column":null}},"type":"if","locations":[{"start":{"line":24,"column":2},"end":{"line":26,"column":null}},{"start":{},"end":{}}],"line":24},"1":{"loc":{"start":{"line":42,"column":2},"end":{"line":44,"column":null}},"type":"if","locations":[{"start":{"line":42,"column":2},"end":{"line":44,"column":null}},{"start":{},"end":{}}],"line":42},"2":{"loc":{"start":{"line":65,"column":2},"end":{"line":67,"column":null}},"type":"if","locations":[{"start":{"line":65,"column":2},"end":{"line":67,"column":null}},{"start":{},"end":{}}],"line":65}},"s":{"0":1,"1":2,"2":2,"3":2,"4":2,"5":2,"6":1,"7":1,"8":1,"9":2,"10":2,"11":2,"12":2,"13":2,"14":1,"15":1,"16":1,"17":1,"18":1,"19":1,"20":1,"21":2,"22":2,"23":2,"24":2,"25":1,"26":1},"f":{"0":2,"1":2,"2":1,"3":2},"b":{"0":[1,1],"1":[1,1],"2":[1,1]},"meta":{"lastBranch":3,"lastFunction":4,"lastStatement":27,"seen":{"s:8:19:11:Infinity":0,"f:13:22:13:29":0,"s:14:19:14:Infinity":1,"s:16:16:16:Infinity":2,"s:17:19:17:Infinity":3,"s:19:20:22:Infinity":4,"b:24:2:26:Infinity:undefined:undefined:undefined:undefined":0,"s:24:2:26:Infinity":5,"s:25:4:25:Infinity":6,"s:28:2:28:Infinity":7,"s:29:2:29:Infinity":8,"f:32:22:32:29":1,"s:33:19:33:Infinity":9,"s:35:16:35:Infinity":10,"s:36:19:36:Infinity":11,"s:37:20:40:Infinity":12,"b:42:2:44:Infinity:undefined:undefined:undefined:undefined":1,"s:42:2:44:Infinity":13,"s:43:4:43:Infinity":14,"s:46:2:46:Infinity":15,"s:47:2:47:Infinity":16,"f:50:22:50:32":2,"s:51:19:51:Infinity":17,"s:52:2:52:Infinity":18,"s:53:2:53:Infinity":19,"s:54:2:54:Infinity":20,"f:57:22:57:36":3,"s:58:19:58:Infinity":21,"s:59:16:59:Infinity":22,"s:61:20:63:Infinity":23,"b:65:2:67:Infinity:undefined:undefined:undefined:undefined":2,"s:65:2:67:Infinity":24,"s:66:4:66:Infinity":25,"s:69:2:69:Infinity":26}}}
,"C:\\Projects\\life_planner\\src\\actions\\board-actions.ts": {"path":"C:\\Projects\\life_planner\\src\\actions\\board-actions.ts","statementMap":{"0":{"start":{"line":11,"column":19},"end":{"line":11,"column":null}},"1":{"start":{"line":14,"column":6},"end":{"line":14,"column":null}},"2":{"start":{"line":15,"column":2},"end":{"line":15,"column":null}},"3":{"start":{"line":15,"column":13},"end":{"line":15,"column":null}},"4":{"start":{"line":17,"column":15},"end":{"line":17,"column":null}},"5":{"start":{"line":18,"column":22},"end":{"line":18,"column":null}},"6":{"start":{"line":19,"column":17},"end":{"line":19,"column":null}},"7":{"start":{"line":21,"column":20},"end":{"line":21,"column":null}},"8":{"start":{"line":23,"column":21},"end":{"line":30,"column":null}},"9":{"start":{"line":33,"column":2},"end":{"line":37,"column":null}},"10":{"start":{"line":39,"column":2},"end":{"line":39,"column":null}},"11":{"start":{"line":40,"column":2},"end":{"line":40,"column":null}},"12":{"start":{"line":44,"column":19},"end":{"line":44,"column":null}},"13":{"start":{"line":47,"column":6},"end":{"line":47,"column":null}},"14":{"start":{"line":48,"column":2},"end":{"line":48,"column":null}},"15":{"start":{"line":48,"column":13},"end":{"line":48,"column":null}},"16":{"start":{"line":50,"column":15},"end":{"line":50,"column":null}},"17":{"start":{"line":51,"column":22},"end":{"line":51,"column":null}},"18":{"start":{"line":52,"column":17},"end":{"line":52,"column":null}},"19":{"start":{"line":54,"column":20},"end":{"line":54,"column":null}},"20":{"start":{"line":56,"column":25},"end":{"line":65,"column":null}},"21":{"start":{"line":67,"column":2},"end":{"line":67,"column":null}},"22":{"start":{"line":68,"column":2},"end":{"line":68,"column":null}},"23":{"start":{"line":72,"column":19},"end":{"line":72,"column":null}},"24":{"start":{"line":75,"column":6},"end":{"line":75,"column":null}},"25":{"start":{"line":76,"column":2},"end":{"line":76,"column":null}},"26":{"start":{"line":76,"column":13},"end":{"line":76,"column":null}},"27":{"start":{"line":78,"column":25},"end":{"line":81,"column":null}},"28":{"start":{"line":83,"column":2},"end":{"line":85,"column":null}},"29":{"start":{"line":84,"column":4},"end":{"line":84,"column":null}}},"fnMap":{"0":{"name":"createBoard","decl":{"start":{"line":10,"column":22},"end":{"line":10,"column":34}},"loc":{"start":{"line":10,"column":54},"end":{"line":41,"column":null}},"line":10},"1":{"name":"updateBoard","decl":{"start":{"line":43,"column":22},"end":{"line":43,"column":34}},"loc":{"start":{"line":43,"column":66},"end":{"line":69,"column":null}},"line":43},"2":{"name":"deleteBoard","decl":{"start":{"line":71,"column":22},"end":{"line":71,"column":34}},"loc":{"start":{"line":71,"column":46},"end":{"line":86,"column":null}},"line":71}},"branchMap":{"0":{"loc":{"start":{"line":15,"column":2},"end":{"line":15,"column":null}},"type":"if","locations":[{"start":{"line":15,"column":2},"end":{"line":15,"column":null}},{"start":{},"end":{}}],"line":15},"1":{"loc":{"start":{"line":48,"column":2},"end":{"line":48,"column":null}},"type":"if","locations":[{"start":{"line":48,"column":2},"end":{"line":48,"column":null}},{"start":{},"end":{}}],"line":48},"2":{"loc":{"start":{"line":76,"column":2},"end":{"line":76,"column":null}},"type":"if","locations":[{"start":{"line":76,"column":2},"end":{"line":76,"column":null}},{"start":{},"end":{}}],"line":76},"3":{"loc":{"start":{"line":83,"column":2},"end":{"line":85,"column":null}},"type":"if","locations":[{"start":{"line":83,"column":2},"end":{"line":85,"column":null}},{"start":{},"end":{}}],"line":83}},"s":{"0":2,"1":2,"2":2,"3":1,"4":1,"5":1,"6":1,"7":1,"8":1,"9":1,"10":1,"11":1,"12":1,"13":1,"14":1,"15":0,"16":1,"17":1,"18":1,"19":1,"20":1,"21":1,"22":1,"23":1,"24":1,"25":1,"26":0,"27":1,"28":1,"29":1},"f":{"0":2,"1":1,"2":1},"b":{"0":[1,1],"1":[0,1],"2":[0,1],"3":[1,0]},"meta":{"lastBranch":4,"lastFunction":3,"lastStatement":30,"seen":{"f:10:22:10:34":0,"s:11:19:11:Infinity":0,"s:14:6:14:Infinity":1,"b:15:2:15:Infinity:undefined:undefined:undefined:undefined":0,"s:15:2:15:Infinity":2,"s:15:13:15:Infinity":3,"s:17:15:17:Infinity":4,"s:18:22:18:Infinity":5,"s:19:17:19:Infinity":6,"s:21:20:21:Infinity":7,"s:23:21:30:Infinity":8,"s:33:2:37:Infinity":9,"s:39:2:39:Infinity":10,"s:40:2:40:Infinity":11,"f:43:22:43:34":1,"s:44:19:44:Infinity":12,"s:47:6:47:Infinity":13,"b:48:2:48:Infinity:undefined:undefined:undefined:undefined":1,"s:48:2:48:Infinity":14,"s:48:13:48:Infinity":15,"s:50:15:50:Infinity":16,"s:51:22:51:Infinity":17,"s:52:17:52:Infinity":18,"s:54:20:54:Infinity":19,"s:56:25:65:Infinity":20,"s:67:2:67:Infinity":21,"s:68:2:68:Infinity":22,"f:71:22:71:34":2,"s:72:19:72:Infinity":23,"s:75:6:75:Infinity":24,"b:76:2:76:Infinity:undefined:undefined:undefined:undefined":2,"s:76:2:76:Infinity":25,"s:76:13:76:Infinity":26,"s:78:25:81:Infinity":27,"b:83:2:85:Infinity:undefined:undefined:undefined:undefined":3,"s:83:2:85:Infinity":28,"s:84:4:84:Infinity":29}}}
,"C:\\Projects\\life_planner\\src\\actions\\goal-actions.ts": {"path":"C:\\Projects\\life_planner\\src\\actions\\goal-actions.ts","statementMap":{"0":{"start":{"line":11,"column":19},"end":{"line":11,"column":null}},"1":{"start":{"line":14,"column":6},"end":{"line":14,"column":null}},"2":{"start":{"line":15,"column":2},"end":{"line":15,"column":null}},"3":{"start":{"line":15,"column":13},"end":{"line":15,"column":null}},"4":{"start":{"line":17,"column":16},"end":{"line":17,"column":null}},"5":{"start":{"line":18,"column":22},"end":{"line":18,"column":null}},"6":{"start":{"line":19,"column":22},"end":{"line":19,"column":null}},"7":{"start":{"line":20,"column":22},"end":{"line":20,"column":null}},"8":{"start":{"line":21,"column":16},"end":{"line":21,"column":null}},"9":{"start":{"line":23,"column":20},"end":{"line":29,"column":null}},"10":{"start":{"line":31,"column":20},"end":{"line":41,"column":null}},"11":{"start":{"line":43,"column":2},"end":{"line":43,"column":null}},"12":{"start":{"line":44,"column":2},"end":{"line":44,"column":null}},"13":{"start":{"line":48,"column":19},"end":{"line":48,"column":null}},"14":{"start":{"line":51,"column":6},"end":{"line":51,"column":null}},"15":{"start":{"line":52,"column":2},"end":{"line":52,"column":null}},"16":{"start":{"line":52,"column":13},"end":{"line":52,"column":null}},"17":{"start":{"line":54,"column":16},"end":{"line":54,"column":null}},"18":{"start":{"line":55,"column":22},"end":{"line":55,"column":null}},"19":{"start":{"line":56,"column":22},"end":{"line":56,"column":null}},"20":{"start":{"line":57,"column":22},"end":{"line":57,"column":null}},"21":{"start":{"line":58,"column":16},"end":{"line":58,"column":null}},"22":{"start":{"line":60,"column":20},"end":{"line":66,"column":null}},"23":{"start":{"line":68,"column":24},"end":{"line":79,"column":null}},"24":{"start":{"line":81,"column":2},"end":{"line":81,"column":null}},"25":{"start":{"line":81,"column":20},"end":{"line":81,"column":null}},"26":{"start":{"line":83,"column":2},"end":{"line":83,"column":null}},"27":{"start":{"line":84,"column":2},"end":{"line":84,"column":null}},"28":{"start":{"line":88,"column":19},"end":{"line":88,"column":null}},"29":{"start":{"line":91,"column":6},"end":{"line":91,"column":null}},"30":{"start":{"line":92,"column":2},"end":{"line":92,"column":null}},"31":{"start":{"line":92,"column":13},"end":{"line":92,"column":null}},"32":{"start":{"line":94,"column":2},"end":{"line":96,"column":null}},"33":{"start":{"line":97,"column":2},"end":{"line":97,"column":null}},"34":{"start":{"line":101,"column":19},"end":{"line":101,"column":null}},"35":{"start":{"line":104,"column":6},"end":{"line":104,"column":null}},"36":{"start":{"line":105,"column":2},"end":{"line":105,"column":null}},"37":{"start":{"line":105,"column":13},"end":{"line":105,"column":null}},"38":{"start":{"line":108,"column":15},"end":{"line":110,"column":null}},"39":{"start":{"line":111,"column":2},"end":{"line":111,"column":null}},"40":{"start":{"line":111,"column":13},"end":{"line":111,"column":null}},"41":{"start":{"line":113,"column":2},"end":{"line":119,"column":null}},"42":{"start":{"line":121,"column":2},"end":{"line":121,"column":null}},"43":{"start":{"line":125,"column":19},"end":{"line":125,"column":null}},"44":{"start":{"line":128,"column":6},"end":{"line":128,"column":null}},"45":{"start":{"line":129,"column":2},"end":{"line":129,"column":null}},"46":{"start":{"line":129,"column":13},"end":{"line":129,"column":null}},"47":{"start":{"line":132,"column":15},"end":{"line":134,"column":null}},"48":{"start":{"line":135,"column":2},"end":{"line":135,"column":null}},"49":{"start":{"line":135,"column":13},"end":{"line":135,"column":null}},"50":{"start":{"line":137,"column":2},"end":{"line":144,"column":null}},"51":{"start":{"line":146,"column":2},"end":{"line":146,"column":null}}},"fnMap":{"0":{"name":"createGoal","decl":{"start":{"line":10,"column":22},"end":{"line":10,"column":33}},"loc":{"start":{"line":10,"column":53},"end":{"line":45,"column":null}},"line":10},"1":{"name":"updateGoal","decl":{"start":{"line":47,"column":22},"end":{"line":47,"column":33}},"loc":{"start":{"line":47,"column":65},"end":{"line":85,"column":null}},"line":47},"2":{"name":"deleteGoal","decl":{"start":{"line":87,"column":22},"end":{"line":87,"column":33}},"loc":{"start":{"line":87,"column":45},"end":{"line":98,"column":null}},"line":87},"3":{"name":"linkProjectToGoal","decl":{"start":{"line":100,"column":22},"end":{"line":100,"column":40}},"loc":{"start":{"line":100,"column":75},"end":{"line":122,"column":null}},"line":100},"4":{"name":"unlinkProjectFromGoal","decl":{"start":{"line":124,"column":22},"end":{"line":124,"column":44}},"loc":{"start":{"line":124,"column":79},"end":{"line":147,"column":null}},"line":124}},"branchMap":{"0":{"loc":{"start":{"line":15,"column":2},"end":{"line":15,"column":null}},"type":"if","locations":[{"start":{"line":15,"column":2},"end":{"line":15,"column":null}},{"start":{},"end":{}}],"line":15},"1":{"loc":{"start":{"line":19,"column":22},"end":{"line":19,"column":null}},"type":"binary-expr","locations":[{"start":{"line":19,"column":22},"end":{"line":19,"column":63}},{"start":{"line":19,"column":63},"end":{"line":19,"column":null}}],"line":19},"2":{"loc":{"start":{"line":20,"column":32},"end":{"line":20,"column":77}},"type":"binary-expr","locations":[{"start":{"line":20,"column":32},"end":{"line":20,"column":74}},{"start":{"line":20,"column":74},"end":{"line":20,"column":77}}],"line":20},"3":{"loc":{"start":{"line":21,"column":16},"end":{"line":21,"column":null}},"type":"binary-expr","locations":[{"start":{"line":21,"column":16},"end":{"line":21,"column":51}},{"start":{"line":21,"column":51},"end":{"line":21,"column":null}}],"line":21},"4":{"loc":{"start":{"line":37,"column":19},"end":{"line":37,"column":null}},"type":"cond-expr","locations":[{"start":{"line":37,"column":42},"end":{"line":37,"column":75}},{"start":{"line":37,"column":75},"end":{"line":37,"column":null}}],"line":37},"5":{"loc":{"start":{"line":52,"column":2},"end":{"line":52,"column":null}},"type":"if","locations":[{"start":{"line":52,"column":2},"end":{"line":52,"column":null}},{"start":{},"end":{}}],"line":52},"6":{"loc":{"start":{"line":56,"column":22},"end":{"line":56,"column":null}},"type":"binary-expr","locations":[{"start":{"line":56,"column":22},"end":{"line":56,"column":63}},{"start":{"line":56,"column":63},"end":{"line":56,"column":null}}],"line":56},"7":{"loc":{"start":{"line":57,"column":32},"end":{"line":57,"column":77}},"type":"binary-expr","locations":[{"start":{"line":57,"column":32},"end":{"line":57,"column":74}},{"start":{"line":57,"column":74},"end":{"line":57,"column":77}}],"line":57},"8":{"loc":{"start":{"line":58,"column":16},"end":{"line":58,"column":null}},"type":"binary-expr","locations":[{"start":{"line":58,"column":16},"end":{"line":58,"column":51}},{"start":{"line":58,"column":51},"end":{"line":58,"column":null}}],"line":58},"9":{"loc":{"start":{"line":73,"column":19},"end":{"line":73,"column":null}},"type":"cond-expr","locations":[{"start":{"line":73,"column":42},"end":{"line":73,"column":75}},{"start":{"line":73,"column":75},"end":{"line":73,"column":null}}],"line":73},"10":{"loc":{"start":{"line":81,"column":2},"end":{"line":81,"column":null}},"type":"if","locations":[{"start":{"line":81,"column":2},"end":{"line":81,"column":null}},{"start":{},"end":{}}],"line":81},"11":{"loc":{"start":{"line":92,"column":2},"end":{"line":92,"column":null}},"type":"if","locations":[{"start":{"line":92,"column":2},"end":{"line":92,"column":null}},{"start":{},"end":{}}],"line":92},"12":{"loc":{"start":{"line":105,"column":2},"end":{"line":105,"column":null}},"type":"if","locations":[{"start":{"line":105,"column":2},"end":{"line":105,"column":null}},{"start":{},"end":{}}],"line":105},"13":{"loc":{"start":{"line":111,"column":2},"end":{"line":111,"column":null}},"type":"if","locations":[{"start":{"line":111,"column":2},"end":{"line":111,"column":null}},{"start":{},"end":{}}],"line":111},"14":{"loc":{"start":{"line":129,"column":2},"end":{"line":129,"column":null}},"type":"if","locations":[{"start":{"line":129,"column":2},"end":{"line":129,"column":null}},{"start":{},"end":{}}],"line":129},"15":{"loc":{"start":{"line":135,"column":2},"end":{"line":135,"column":null}},"type":"if","locations":[{"start":{"line":135,"column":2},"end":{"line":135,"column":null}},{"start":{},"end":{}}],"line":135}},"s":{"0":2,"1":2,"2":2,"3":1,"4":1,"5":1,"6":1,"7":2,"8":2,"9":2,"10":2,"11":1,"12":1,"13":2,"14":2,"15":2,"16":0,"17":2,"18":2,"19":2,"20":2,"21":2,"22":2,"23":2,"24":2,"25":1,"26":1,"27":1,"28":1,"29":1,"30":1,"31":0,"32":1,"33":1,"34":2,"35":2,"36":2,"37":0,"38":2,"39":2,"40":1,"41":1,"42":1,"43":2,"44":2,"45":2,"46":0,"47":2,"48":2,"49":1,"50":1,"51":1},"f":{"0":2,"1":2,"2":1,"3":2,"4":2},"b":{"0":[1,1],"1":[1,1],"2":[2,0],"3":[2,0],"4":[0,1],"5":[0,2],"6":[2,2],"7":[2,1],"8":[2,2],"9":[0,2],"10":[1,1],"11":[0,1],"12":[0,2],"13":[1,1],"14":[0,2],"15":[1,1]},"meta":{"lastBranch":16,"lastFunction":5,"lastStatement":52,"seen":{"f:10:22:10:33":0,"s:11:19:11:Infinity":0,"s:14:6:14:Infinity":1,"b:15:2:15:Infinity:undefined:undefined:undefined:undefined":0,"s:15:2:15:Infinity":2,"s:15:13:15:Infinity":3,"s:17:16:17:Infinity":4,"s:18:22:18:Infinity":5,"s:19:22:19:Infinity":6,"b:19:22:19:63:19:63:19:Infinity":1,"s:20:22:20:Infinity":7,"b:20:32:20:74:20:74:20:77":2,"s:21:16:21:Infinity":8,"b:21:16:21:51:21:51:21:Infinity":3,"s:23:20:29:Infinity":9,"s:31:20:41:Infinity":10,"b:37:42:37:75:37:75:37:Infinity":4,"s:43:2:43:Infinity":11,"s:44:2:44:Infinity":12,"f:47:22:47:33":1,"s:48:19:48:Infinity":13,"s:51:6:51:Infinity":14,"b:52:2:52:Infinity:undefined:undefined:undefined:undefined":5,"s:52:2:52:Infinity":15,"s:52:13:52:Infinity":16,"s:54:16:54:Infinity":17,"s:55:22:55:Infinity":18,"s:56:22:56:Infinity":19,"b:56:22:56:63:56:63:56:Infinity":6,"s:57:22:57:Infinity":20,"b:57:32:57:74:57:74:57:77":7,"s:58:16:58:Infinity":21,"b:58:16:58:51:58:51:58:Infinity":8,"s:60:20:66:Infinity":22,"s:68:24:79:Infinity":23,"b:73:42:73:75:73:75:73:Infinity":9,"b:81:2:81:Infinity:undefined:undefined:undefined:undefined":10,"s:81:2:81:Infinity":24,"s:81:20:81:Infinity":25,"s:83:2:83:Infinity":26,"s:84:2:84:Infinity":27,"f:87:22:87:33":2,"s:88:19:88:Infinity":28,"s:91:6:91:Infinity":29,"b:92:2:92:Infinity:undefined:undefined:undefined:undefined":11,"s:92:2:92:Infinity":30,"s:92:13:92:Infinity":31,"s:94:2:96:Infinity":32,"s:97:2:97:Infinity":33,"f:100:22:100:40":3,"s:101:19:101:Infinity":34,"s:104:6:104:Infinity":35,"b:105:2:105:Infinity:undefined:undefined:undefined:undefined":12,"s:105:2:105:Infinity":36,"s:105:13:105:Infinity":37,"s:108:15:110:Infinity":38,"b:111:2:111:Infinity:undefined:undefined:undefined:undefined":13,"s:111:2:111:Infinity":39,"s:111:13:111:Infinity":40,"s:113:2:119:Infinity":41,"s:121:2:121:Infinity":42,"f:124:22:124:44":4,"s:125:19:125:Infinity":43,"s:128:6:128:Infinity":44,"b:129:2:129:Infinity:undefined:undefined:undefined:undefined":14,"s:129:2:129:Infinity":45,"s:129:13:129:Infinity":46,"s:132:15:134:Infinity":47,"b:135:2:135:Infinity:undefined:undefined:undefined:undefined":15,"s:135:2:135:Infinity":48,"s:135:13:135:Infinity":49,"s:137:2:144:Infinity":50,"s:146:2:146:Infinity":51}}}
,"C:\\Projects\\life_planner\\src\\actions\\habit-actions.ts": {"path":"C:\\Projects\\life_planner\\src\\actions\\habit-actions.ts","statementMap":{"0":{"start":{"line":12,"column":19},"end":{"line":12,"column":null}},"1":{"start":{"line":15,"column":6},"end":{"line":15,"column":null}},"2":{"start":{"line":16,"column":2},"end":{"line":16,"column":null}},"3":{"start":{"line":16,"column":13},"end":{"line":16,"column":null}},"4":{"start":{"line":18,"column":15},"end":{"line":18,"column":null}},"5":{"start":{"line":19,"column":22},"end":{"line":19,"column":null}},"6":{"start":{"line":20,"column":18},"end":{"line":20,"column":null}},"7":{"start":{"line":21,"column":20},"end":{"line":21,"column":null}},"8":{"start":{"line":22,"column":22},"end":{"line":22,"column":null}},"9":{"start":{"line":24,"column":20},"end":{"line":30,"column":null}},"10":{"start":{"line":32,"column":21},"end":{"line":42,"column":null}},"11":{"start":{"line":44,"column":2},"end":{"line":44,"column":null}},"12":{"start":{"line":45,"column":2},"end":{"line":45,"column":null}},"13":{"start":{"line":46,"column":2},"end":{"line":46,"column":null}},"14":{"start":{"line":50,"column":19},"end":{"line":50,"column":null}},"15":{"start":{"line":53,"column":6},"end":{"line":53,"column":null}},"16":{"start":{"line":54,"column":2},"end":{"line":54,"column":null}},"17":{"start":{"line":54,"column":13},"end":{"line":54,"column":null}},"18":{"start":{"line":56,"column":15},"end":{"line":56,"column":null}},"19":{"start":{"line":57,"column":22},"end":{"line":57,"column":null}},"20":{"start":{"line":58,"column":18},"end":{"line":58,"column":null}},"21":{"start":{"line":59,"column":20},"end":{"line":59,"column":null}},"22":{"start":{"line":60,"column":22},"end":{"line":60,"column":null}},"23":{"start":{"line":62,"column":20},"end":{"line":68,"column":null}},"24":{"start":{"line":70,"column":25},"end":{"line":81,"column":null}},"25":{"start":{"line":83,"column":2},"end":{"line":83,"column":null}},"26":{"start":{"line":84,"column":2},"end":{"line":84,"column":null}},"27":{"start":{"line":85,"column":2},"end":{"line":85,"column":null}},"28":{"start":{"line":89,"column":19},"end":{"line":89,"column":null}},"29":{"start":{"line":92,"column":6},"end":{"line":92,"column":null}},"30":{"start":{"line":93,"column":2},"end":{"line":93,"column":null}},"31":{"start":{"line":93,"column":13},"end":{"line":93,"column":null}},"32":{"start":{"line":95,"column":2},"end":{"line":95,"column":null}},"33":{"start":{"line":97,"column":2},"end":{"line":97,"column":null}},"34":{"start":{"line":98,"column":2},"end":{"line":98,"column":null}},"35":{"start":{"line":102,"column":19},"end":{"line":102,"column":null}},"36":{"start":{"line":105,"column":6},"end":{"line":105,"column":null}},"37":{"start":{"line":106,"column":2},"end":{"line":106,"column":null}},"38":{"start":{"line":106,"column":13},"end":{"line":106,"column":null}},"39":{"start":{"line":109,"column":8},"end":{"line":109,"column":null}},"40":{"start":{"line":110,"column":8},"end":{"line":110,"column":null}},"41":{"start":{"line":112,"column":19},"end":{"line":118,"column":null}},"42":{"start":{"line":120,"column":2},"end":{"line":132,"column":null}},"43":{"start":{"line":122,"column":4},"end":{"line":125,"column":null}},"44":{"start":{"line":127,"column":4},"end":{"line":131,"column":null}},"45":{"start":{"line":134,"column":2},"end":{"line":134,"column":null}},"46":{"start":{"line":135,"column":2},"end":{"line":135,"column":null}},"47":{"start":{"line":139,"column":19},"end":{"line":139,"column":null}},"48":{"start":{"line":142,"column":6},"end":{"line":142,"column":null}},"49":{"start":{"line":143,"column":2},"end":{"line":143,"column":null}},"50":{"start":{"line":143,"column":13},"end":{"line":143,"column":null}},"51":{"start":{"line":145,"column":8},"end":{"line":145,"column":null}},"52":{"start":{"line":146,"column":8},"end":{"line":146,"column":null}},"53":{"start":{"line":148,"column":2},"end":{"line":156,"column":null}},"54":{"start":{"line":158,"column":2},"end":{"line":158,"column":null}},"55":{"start":{"line":159,"column":2},"end":{"line":159,"column":null}}},"fnMap":{"0":{"name":"createHabit","decl":{"start":{"line":11,"column":22},"end":{"line":11,"column":34}},"loc":{"start":{"line":11,"column":54},"end":{"line":47,"column":null}},"line":11},"1":{"name":"updateHabit","decl":{"start":{"line":49,"column":22},"end":{"line":49,"column":34}},"loc":{"start":{"line":49,"column":66},"end":{"line":86,"column":null}},"line":49},"2":{"name":"deleteHabit","decl":{"start":{"line":88,"column":22},"end":{"line":88,"column":34}},"loc":{"start":{"line":88,"column":46},"end":{"line":99,"column":null}},"line":88},"3":{"name":"logHabit","decl":{"start":{"line":101,"column":22},"end":{"line":101,"column":31}},"loc":{"start":{"line":101,"column":73},"end":{"line":136,"column":null}},"line":101},"4":{"name":"unlogHabit","decl":{"start":{"line":138,"column":22},"end":{"line":138,"column":33}},"loc":{"start":{"line":138,"column":75},"end":{"line":160,"column":null}},"line":138}},"branchMap":{"0":{"loc":{"start":{"line":16,"column":2},"end":{"line":16,"column":null}},"type":"if","locations":[{"start":{"line":16,"column":2},"end":{"line":16,"column":null}},{"start":{},"end":{}}],"line":16},"1":{"loc":{"start":{"line":20,"column":18},"end":{"line":20,"column":null}},"type":"binary-expr","locations":[{"start":{"line":20,"column":18},"end":{"line":20,"column":55}},{"start":{"line":20,"column":55},"end":{"line":20,"column":null}}],"line":20},"2":{"loc":{"start":{"line":22,"column":32},"end":{"line":22,"column":77}},"type":"binary-expr","locations":[{"start":{"line":22,"column":32},"end":{"line":22,"column":74}},{"start":{"line":22,"column":74},"end":{"line":22,"column":77}}],"line":22},"3":{"loc":{"start":{"line":54,"column":2},"end":{"line":54,"column":null}},"type":"if","locations":[{"start":{"line":54,"column":2},"end":{"line":54,"column":null}},{"start":{},"end":{}}],"line":54},"4":{"loc":{"start":{"line":58,"column":18},"end":{"line":58,"column":null}},"type":"binary-expr","locations":[{"start":{"line":58,"column":18},"end":{"line":58,"column":55}},{"start":{"line":58,"column":55},"end":{"line":58,"column":null}}],"line":58},"5":{"loc":{"start":{"line":60,"column":32},"end":{"line":60,"column":77}},"type":"binary-expr","locations":[{"start":{"line":60,"column":32},"end":{"line":60,"column":74}},{"start":{"line":60,"column":74},"end":{"line":60,"column":77}}],"line":60},"6":{"loc":{"start":{"line":93,"column":2},"end":{"line":93,"column":null}},"type":"if","locations":[{"start":{"line":93,"column":2},"end":{"line":93,"column":null}},{"start":{},"end":{}}],"line":93},"7":{"loc":{"start":{"line":101,"column":48},"end":{"line":101,"column":73}},"type":"default-arg","locations":[{"start":{"line":101,"column":61},"end":{"line":101,"column":73}}],"line":101},"8":{"loc":{"start":{"line":106,"column":2},"end":{"line":106,"column":null}},"type":"if","locations":[{"start":{"line":106,"column":2},"end":{"line":106,"column":null}},{"start":{},"end":{}}],"line":106},"9":{"loc":{"start":{"line":120,"column":2},"end":{"line":132,"column":null}},"type":"if","locations":[{"start":{"line":120,"column":2},"end":{"line":132,"column":null}},{"start":{"line":126,"column":9},"end":{"line":132,"column":null}}],"line":120},"10":{"loc":{"start":{"line":138,"column":50},"end":{"line":138,"column":75}},"type":"default-arg","locations":[{"start":{"line":138,"column":63},"end":{"line":138,"column":75}}],"line":138},"11":{"loc":{"start":{"line":143,"column":2},"end":{"line":143,"column":null}},"type":"if","locations":[{"start":{"line":143,"column":2},"end":{"line":143,"column":null}},{"start":{},"end":{}}],"line":143}},"s":{"0":2,"1":2,"2":2,"3":1,"4":1,"5":1,"6":1,"7":2,"8":2,"9":2,"10":2,"11":1,"12":1,"13":1,"14":1,"15":1,"16":1,"17":0,"18":1,"19":1,"20":1,"21":1,"22":1,"23":1,"24":1,"25":1,"26":1,"27":1,"28":1,"29":1,"30":1,"31":0,"32":1,"33":1,"34":1,"35":3,"36":3,"37":3,"38":1,"39":2,"40":2,"41":2,"42":2,"43":1,"44":1,"45":2,"46":2,"47":2,"48":2,"49":2,"50":1,"51":1,"52":1,"53":1,"54":1,"55":1},"f":{"0":2,"1":1,"2":1,"3":3,"4":2},"b":{"0":[1,1],"1":[1,1],"2":[2,0],"3":[0,1],"4":[1,1],"5":[1,0],"6":[0,1],"7":[3],"8":[1,2],"9":[1,1],"10":[2],"11":[1,1]},"meta":{"lastBranch":12,"lastFunction":5,"lastStatement":56,"seen":{"f:11:22:11:34":0,"s:12:19:12:Infinity":0,"s:15:6:15:Infinity":1,"b:16:2:16:Infinity:undefined:undefined:undefined:undefined":0,"s:16:2:16:Infinity":2,"s:16:13:16:Infinity":3,"s:18:15:18:Infinity":4,"s:19:22:19:Infinity":5,"s:20:18:20:Infinity":6,"b:20:18:20:55:20:55:20:Infinity":1,"s:21:20:21:Infinity":7,"s:22:22:22:Infinity":8,"b:22:32:22:74:22:74:22:77":2,"s:24:20:30:Infinity":9,"s:32:21:42:Infinity":10,"s:44:2:44:Infinity":11,"s:45:2:45:Infinity":12,"s:46:2:46:Infinity":13,"f:49:22:49:34":1,"s:50:19:50:Infinity":14,"s:53:6:53:Infinity":15,"b:54:2:54:Infinity:undefined:undefined:undefined:undefined":3,"s:54:2:54:Infinity":16,"s:54:13:54:Infinity":17,"s:56:15:56:Infinity":18,"s:57:22:57:Infinity":19,"s:58:18:58:Infinity":20,"b:58:18:58:55:58:55:58:Infinity":4,"s:59:20:59:Infinity":21,"s:60:22:60:Infinity":22,"b:60:32:60:74:60:74:60:77":5,"s:62:20:68:Infinity":23,"s:70:25:81:Infinity":24,"s:83:2:83:Infinity":25,"s:84:2:84:Infinity":26,"s:85:2:85:Infinity":27,"f:88:22:88:34":2,"s:89:19:89:Infinity":28,"s:92:6:92:Infinity":29,"b:93:2:93:Infinity:undefined:undefined:undefined:undefined":6,"s:93:2:93:Infinity":30,"s:93:13:93:Infinity":31,"s:95:2:95:Infinity":32,"s:97:2:97:Infinity":33,"s:98:2:98:Infinity":34,"f:101:22:101:31":3,"b:101:61:101:73":7,"s:102:19:102:Infinity":35,"s:105:6:105:Infinity":36,"b:106:2:106:Infinity:undefined:undefined:undefined:undefined":8,"s:106:2:106:Infinity":37,"s:106:13:106:Infinity":38,"s:109:8:109:Infinity":39,"s:110:8:110:Infinity":40,"s:112:19:118:Infinity":41,"b:120:2:132:Infinity:126:9:132:Infinity":9,"s:120:2:132:Infinity":42,"s:122:4:125:Infinity":43,"s:127:4:131:Infinity":44,"s:134:2:134:Infinity":45,"s:135:2:135:Infinity":46,"f:138:22:138:33":4,"b:138:63:138:75":10,"s:139:19:139:Infinity":47,"s:142:6:142:Infinity":48,"b:143:2:143:Infinity:undefined:undefined:undefined:undefined":11,"s:143:2:143:Infinity":49,"s:143:13:143:Infinity":50,"s:145:8:145:Infinity":51,"s:146:8:146:Infinity":52,"s:148:2:156:Infinity":53,"s:158:2:158:Infinity":54,"s:159:2:159:Infinity":55}}}
,"C:\\Projects\\life_planner\\src\\actions\\note-actions.ts": {"path":"C:\\Projects\\life_planner\\src\\actions\\note-actions.ts","statementMap":{"0":{"start":{"line":11,"column":19},"end":{"line":11,"column":null}},"1":{"start":{"line":14,"column":6},"end":{"line":14,"column":null}},"2":{"start":{"line":15,"column":2},"end":{"line":15,"column":null}},"3":{"start":{"line":15,"column":13},"end":{"line":15,"column":null}},"4":{"start":{"line":17,"column":20},"end":{"line":17,"column":null}},"5":{"start":{"line":18,"column":16},"end":{"line":18,"column":null}},"6":{"start":{"line":19,"column":18},"end":{"line":19,"column":null}},"7":{"start":{"line":21,"column":20},"end":{"line":25,"column":null}},"8":{"start":{"line":27,"column":20},"end":{"line":34,"column":null}},"9":{"start":{"line":37,"column":18},"end":{"line":40,"column":null}},"10":{"start":{"line":41,"column":2},"end":{"line":43,"column":null}},"11":{"start":{"line":42,"column":4},"end":{"line":42,"column":null}},"12":{"start":{"line":44,"column":2},"end":{"line":44,"column":null}},"13":{"start":{"line":46,"column":2},"end":{"line":46,"column":null}},"14":{"start":{"line":50,"column":19},"end":{"line":50,"column":null}},"15":{"start":{"line":53,"column":6},"end":{"line":53,"column":null}},"16":{"start":{"line":54,"column":2},"end":{"line":54,"column":null}},"17":{"start":{"line":54,"column":13},"end":{"line":54,"column":null}},"18":{"start":{"line":56,"column":16},"end":{"line":56,"column":null}},"19":{"start":{"line":57,"column":18},"end":{"line":57,"column":null}},"20":{"start":{"line":60,"column":2},"end":{"line":60,"column":null}},"21":{"start":{"line":60,"column":14},"end":{"line":60,"column":null}},"22":{"start":{"line":62,"column":24},"end":{"line":70,"column":null}},"23":{"start":{"line":72,"column":16},"end":{"line":75,"column":null}},"24":{"start":{"line":77,"column":2},"end":{"line":84,"column":null}},"25":{"start":{"line":83,"column":4},"end":{"line":83,"column":null}},"26":{"start":{"line":85,"column":2},"end":{"line":85,"column":null}},"27":{"start":{"line":87,"column":2},"end":{"line":87,"column":null}},"28":{"start":{"line":91,"column":19},"end":{"line":91,"column":null}},"29":{"start":{"line":94,"column":6},"end":{"line":94,"column":null}},"30":{"start":{"line":95,"column":2},"end":{"line":95,"column":null}},"31":{"start":{"line":95,"column":13},"end":{"line":95,"column":null}},"32":{"start":{"line":97,"column":16},"end":{"line":100,"column":null}},"33":{"start":{"line":102,"column":2},"end":{"line":102,"column":null}},"34":{"start":{"line":104,"column":2},"end":{"line":111,"column":null}},"35":{"start":{"line":110,"column":4},"end":{"line":110,"column":null}},"36":{"start":{"line":112,"column":2},"end":{"line":112,"column":null}},"37":{"start":{"line":116,"column":19},"end":{"line":116,"column":null}},"38":{"start":{"line":119,"column":6},"end":{"line":119,"column":null}},"39":{"start":{"line":120,"column":2},"end":{"line":120,"column":null}},"40":{"start":{"line":120,"column":13},"end":{"line":120,"column":null}},"41":{"start":{"line":122,"column":15},"end":{"line":124,"column":null}},"42":{"start":{"line":126,"column":2},"end":{"line":126,"column":null}},"43":{"start":{"line":126,"column":13},"end":{"line":126,"column":null}},"44":{"start":{"line":128,"column":24},"end":{"line":135,"column":null}},"45":{"start":{"line":138,"column":18},"end":{"line":141,"column":null}},"46":{"start":{"line":142,"column":2},"end":{"line":144,"column":null}},"47":{"start":{"line":143,"column":4},"end":{"line":143,"column":null}},"48":{"start":{"line":145,"column":2},"end":{"line":145,"column":null}},"49":{"start":{"line":147,"column":2},"end":{"line":147,"column":null}}},"fnMap":{"0":{"name":"createNote","decl":{"start":{"line":10,"column":22},"end":{"line":10,"column":33}},"loc":{"start":{"line":10,"column":53},"end":{"line":47,"column":null}},"line":10},"1":{"name":"updateNote","decl":{"start":{"line":49,"column":22},"end":{"line":49,"column":33}},"loc":{"start":{"line":49,"column":65},"end":{"line":88,"column":null}},"line":49},"2":{"name":"deleteNote","decl":{"start":{"line":90,"column":22},"end":{"line":90,"column":33}},"loc":{"start":{"line":90,"column":45},"end":{"line":113,"column":null}},"line":90},"3":{"name":"togglePinNote","decl":{"start":{"line":115,"column":22},"end":{"line":115,"column":36}},"loc":{"start":{"line":115,"column":48},"end":{"line":148,"column":null}},"line":115}},"branchMap":{"0":{"loc":{"start":{"line":15,"column":2},"end":{"line":15,"column":null}},"type":"if","locations":[{"start":{"line":15,"column":2},"end":{"line":15,"column":null}},{"start":{},"end":{}}],"line":15},"1":{"loc":{"start":{"line":41,"column":2},"end":{"line":43,"column":null}},"type":"if","locations":[{"start":{"line":41,"column":2},"end":{"line":43,"column":null}},{"start":{},"end":{}}],"line":41},"2":{"loc":{"start":{"line":54,"column":2},"end":{"line":54,"column":null}},"type":"if","locations":[{"start":{"line":54,"column":2},"end":{"line":54,"column":null}},{"start":{},"end":{}}],"line":54},"3":{"loc":{"start":{"line":60,"column":2},"end":{"line":60,"column":null}},"type":"if","locations":[{"start":{"line":60,"column":2},"end":{"line":60,"column":null}},{"start":{},"end":{}}],"line":60},"4":{"loc":{"start":{"line":77,"column":2},"end":{"line":84,"column":null}},"type":"if","locations":[{"start":{"line":77,"column":2},"end":{"line":84,"column":null}},{"start":{},"end":{}}],"line":77},"5":{"loc":{"start":{"line":78,"column":4},"end":{"line":81,"column":null}},"type":"binary-expr","locations":[{"start":{"line":78,"column":4},"end":{"line":78,"column":null}},{"start":{"line":79,"column":4},"end":{"line":79,"column":null}},{"start":{"line":80,"column":4},"end":{"line":80,"column":null}},{"start":{"line":81,"column":4},"end":{"line":81,"column":null}}],"line":78},"6":{"loc":{"start":{"line":95,"column":2},"end":{"line":95,"column":null}},"type":"if","locations":[{"start":{"line":95,"column":2},"end":{"line":95,"column":null}},{"start":{},"end":{}}],"line":95},"7":{"loc":{"start":{"line":104,"column":2},"end":{"line":111,"column":null}},"type":"if","locations":[{"start":{"line":104,"column":2},"end":{"line":111,"column":null}},{"start":{},"end":{}}],"line":104},"8":{"loc":{"start":{"line":105,"column":4},"end":{"line":108,"column":null}},"type":"binary-expr","locations":[{"start":{"line":105,"column":4},"end":{"line":105,"column":null}},{"start":{"line":106,"column":4},"end":{"line":106,"column":null}},{"start":{"line":107,"column":4},"end":{"line":107,"column":null}},{"start":{"line":108,"column":4},"end":{"line":108,"column":null}}],"line":105},"9":{"loc":{"start":{"line":120,"column":2},"end":{"line":120,"column":null}},"type":"if","locations":[{"start":{"line":120,"column":2},"end":{"line":120,"column":null}},{"start":{},"end":{}}],"line":120},"10":{"loc":{"start":{"line":126,"column":2},"end":{"line":126,"column":null}},"type":"if","locations":[{"start":{"line":126,"column":2},"end":{"line":126,"column":null}},{"start":{},"end":{}}],"line":126},"11":{"loc":{"start":{"line":142,"column":2},"end":{"line":144,"column":null}},"type":"if","locations":[{"start":{"line":142,"column":2},"end":{"line":144,"column":null}},{"start":{},"end":{}}],"line":142}},"s":{"0":2,"1":2,"2":2,"3":1,"4":1,"5":1,"6":1,"7":1,"8":1,"9":1,"10":1,"11":0,"12":1,"13":1,"14":2,"15":2,"16":2,"17":0,"18":2,"19":2,"20":2,"21":1,"22":1,"23":1,"24":1,"25":0,"26":1,"27":1,"28":1,"29":1,"30":1,"31":0,"32":1,"33":1,"34":1,"35":0,"36":1,"37":2,"38":2,"39":2,"40":0,"41":2,"42":2,"43":1,"44":1,"45":1,"46":1,"47":0,"48":1,"49":1},"f":{"0":2,"1":2,"2":1,"3":2},"b":{"0":[1,1],"1":[0,1],"2":[0,2],"3":[1,1],"4":[0,1],"5":[1,0,0,0],"6":[0,1],"7":[0,1],"8":[1,0,0,0],"9":[0,2],"10":[1,1],"11":[0,1]},"meta":{"lastBranch":12,"lastFunction":4,"lastStatement":50,"seen":{"f:10:22:10:33":0,"s:11:19:11:Infinity":0,"s:14:6:14:Infinity":1,"b:15:2:15:Infinity:undefined:undefined:undefined:undefined":0,"s:15:2:15:Infinity":2,"s:15:13:15:Infinity":3,"s:17:20:17:Infinity":4,"s:18:16:18:Infinity":5,"s:19:18:19:Infinity":6,"s:21:20:25:Infinity":7,"s:27:20:34:Infinity":8,"s:37:18:40:Infinity":9,"b:41:2:43:Infinity:undefined:undefined:undefined:undefined":1,"s:41:2:43:Infinity":10,"s:42:4:42:Infinity":11,"s:44:2:44:Infinity":12,"s:46:2:46:Infinity":13,"f:49:22:49:33":1,"s:50:19:50:Infinity":14,"s:53:6:53:Infinity":15,"b:54:2:54:Infinity:undefined:undefined:undefined:undefined":2,"s:54:2:54:Infinity":16,"s:54:13:54:Infinity":17,"s:56:16:56:Infinity":18,"s:57:18:57:Infinity":19,"b:60:2:60:Infinity:undefined:undefined:undefined:undefined":3,"s:60:2:60:Infinity":20,"s:60:14:60:Infinity":21,"s:62:24:70:Infinity":22,"s:72:16:75:Infinity":23,"b:77:2:84:Infinity:undefined:undefined:undefined:undefined":4,"s:77:2:84:Infinity":24,"b:78:4:78:Infinity:79:4:79:Infinity:80:4:80:Infinity:81:4:81:Infinity":5,"s:83:4:83:Infinity":25,"s:85:2:85:Infinity":26,"s:87:2:87:Infinity":27,"f:90:22:90:33":2,"s:91:19:91:Infinity":28,"s:94:6:94:Infinity":29,"b:95:2:95:Infinity:undefined:undefined:undefined:undefined":6,"s:95:2:95:Infinity":30,"s:95:13:95:Infinity":31,"s:97:16:100:Infinity":32,"s:102:2:102:Infinity":33,"b:104:2:111:Infinity:undefined:undefined:undefined:undefined":7,"s:104:2:111:Infinity":34,"b:105:4:105:Infinity:106:4:106:Infinity:107:4:107:Infinity:108:4:108:Infinity":8,"s:110:4:110:Infinity":35,"s:112:2:112:Infinity":36,"f:115:22:115:36":3,"s:116:19:116:Infinity":37,"s:119:6:119:Infinity":38,"b:120:2:120:Infinity:undefined:undefined:undefined:undefined":9,"s:120:2:120:Infinity":39,"s:120:13:120:Infinity":40,"s:122:15:124:Infinity":41,"b:126:2:126:Infinity:undefined:undefined:undefined:undefined":10,"s:126:2:126:Infinity":42,"s:126:13:126:Infinity":43,"s:128:24:135:Infinity":44,"s:138:18:141:Infinity":45,"b:142:2:144:Infinity:undefined:undefined:undefined:undefined":11,"s:142:2:144:Infinity":46,"s:143:4:143:Infinity":47,"s:145:2:145:Infinity":48,"s:147:2:147:Infinity":49}}}
,"C:\\Projects\\life_planner\\src\\actions\\profile-actions.ts": {"path":"C:\\Projects\\life_planner\\src\\actions\\profile-actions.ts","statementMap":{"0":{"start":{"line":13,"column":2},"end":{"line":28,"column":null}},"1":{"start":{"line":14,"column":4},"end":{"line":21,"column":null}},"2":{"start":{"line":23,"column":4},"end":{"line":23,"column":null}},"3":{"start":{"line":24,"column":4},"end":{"line":24,"column":null}},"4":{"start":{"line":26,"column":4},"end":{"line":26,"column":null}},"5":{"start":{"line":27,"column":4},"end":{"line":27,"column":null}},"6":{"start":{"line":32,"column":2},"end":{"line":46,"column":null}},"7":{"start":{"line":33,"column":4},"end":{"line":39,"column":null}},"8":{"start":{"line":41,"column":4},"end":{"line":41,"column":null}},"9":{"start":{"line":42,"column":4},"end":{"line":42,"column":null}},"10":{"start":{"line":44,"column":4},"end":{"line":44,"column":null}},"11":{"start":{"line":45,"column":4},"end":{"line":45,"column":null}},"12":{"start":{"line":50,"column":19},"end":{"line":50,"column":null}},"13":{"start":{"line":52,"column":2},"end":{"line":77,"column":null}},"14":{"start":{"line":68,"column":4},"end":{"line":68,"column":null}},"15":{"start":{"line":71,"column":4},"end":{"line":71,"column":null}},"16":{"start":{"line":73,"column":4},"end":{"line":73,"column":null}},"17":{"start":{"line":75,"column":4},"end":{"line":75,"column":null}},"18":{"start":{"line":76,"column":4},"end":{"line":76,"column":null}},"19":{"start":{"line":81,"column":2},"end":{"line":112,"column":null}},"20":{"start":{"line":82,"column":17},"end":{"line":106,"column":null}},"21":{"start":{"line":108,"column":4},"end":{"line":108,"column":null}},"22":{"start":{"line":110,"column":4},"end":{"line":110,"column":null}},"23":{"start":{"line":111,"column":4},"end":{"line":111,"column":null}}},"fnMap":{"0":{"name":"updateProfile","decl":{"start":{"line":9,"column":22},"end":{"line":9,"column":null}},"loc":{"start":{"line":12,"column":2},"end":{"line":29,"column":null}},"line":12},"1":{"name":"updateSettings","decl":{"start":{"line":31,"column":22},"end":{"line":31,"column":37}},"loc":{"start":{"line":31,"column":68},"end":{"line":47,"column":null}},"line":31},"2":{"name":"deleteAccount","decl":{"start":{"line":49,"column":22},"end":{"line":49,"column":36}},"loc":{"start":{"line":49,"column":52},"end":{"line":78,"column":null}},"line":49},"3":{"name":"exportUserData","decl":{"start":{"line":80,"column":22},"end":{"line":80,"column":37}},"loc":{"start":{"line":80,"column":53},"end":{"line":113,"column":null}},"line":80}},"branchMap":{},"s":{"0":2,"1":2,"2":1,"3":1,"4":1,"5":1,"6":2,"7":2,"8":1,"9":1,"10":1,"11":1,"12":2,"13":2,"14":2,"15":1,"16":1,"17":1,"18":1,"19":2,"20":2,"21":1,"22":1,"23":1},"f":{"0":2,"1":2,"2":2,"3":2},"b":{},"meta":{"lastBranch":0,"lastFunction":4,"lastStatement":24,"seen":{"f:9:22:9:Infinity":0,"s:13:2:28:Infinity":0,"s:14:4:21:Infinity":1,"s:23:4:23:Infinity":2,"s:24:4:24:Infinity":3,"s:26:4:26:Infinity":4,"s:27:4:27:Infinity":5,"f:31:22:31:37":1,"s:32:2:46:Infinity":6,"s:33:4:39:Infinity":7,"s:41:4:41:Infinity":8,"s:42:4:42:Infinity":9,"s:44:4:44:Infinity":10,"s:45:4:45:Infinity":11,"f:49:22:49:36":2,"s:50:19:50:Infinity":12,"s:52:2:77:Infinity":13,"s:68:4:68:Infinity":14,"s:71:4:71:Infinity":15,"s:73:4:73:Infinity":16,"s:75:4:75:Infinity":17,"s:76:4:76:Infinity":18,"f:80:22:80:37":3,"s:81:2:112:Infinity":19,"s:82:17:106:Infinity":20,"s:108:4:108:Infinity":21,"s:110:4:110:Infinity":22,"s:111:4:111:Infinity":23}}}
,"C:\\Projects\\life_planner\\src\\actions\\project-actions.ts": {"path":"C:\\Projects\\life_planner\\src\\actions\\project-actions.ts","statementMap":{"0":{"start":{"line":11,"column":19},"end":{"line":11,"column":null}},"1":{"start":{"line":14,"column":6},"end":{"line":14,"column":null}},"2":{"start":{"line":15,"column":2},"end":{"line":15,"column":null}},"3":{"start":{"line":15,"column":13},"end":{"line":15,"column":null}},"4":{"start":{"line":17,"column":16},"end":{"line":17,"column":null}},"5":{"start":{"line":18,"column":23},"end":{"line":18,"column":null}},"6":{"start":{"line":19,"column":19},"end":{"line":19,"column":null}},"7":{"start":{"line":24,"column":19},"end":{"line":24,"column":null}},"8":{"start":{"line":25,"column":19},"end":{"line":25,"column":null}},"9":{"start":{"line":26,"column":20},"end":{"line":26,"column":null}},"10":{"start":{"line":27,"column":15},"end":{"line":29,"column":null}},"11":{"start":{"line":31,"column":20},"end":{"line":39,"column":null}},"12":{"start":{"line":41,"column":23},"end":{"line":52,"column":null}},"13":{"start":{"line":54,"column":17},"end":{"line":59,"column":null}},"14":{"start":{"line":61,"column":2},"end":{"line":63,"column":null}},"15":{"start":{"line":62,"column":4},"end":{"line":62,"column":null}},"16":{"start":{"line":65,"column":2},"end":{"line":65,"column":null}},"17":{"start":{"line":69,"column":19},"end":{"line":69,"column":null}},"18":{"start":{"line":72,"column":6},"end":{"line":72,"column":null}},"19":{"start":{"line":73,"column":2},"end":{"line":73,"column":null}},"20":{"start":{"line":73,"column":13},"end":{"line":73,"column":null}},"21":{"start":{"line":75,"column":16},"end":{"line":75,"column":null}},"22":{"start":{"line":76,"column":23},"end":{"line":76,"column":null}},"23":{"start":{"line":77,"column":19},"end":{"line":77,"column":null}},"24":{"start":{"line":82,"column":19},"end":{"line":82,"column":null}},"25":{"start":{"line":83,"column":19},"end":{"line":83,"column":null}},"26":{"start":{"line":84,"column":20},"end":{"line":84,"column":null}},"27":{"start":{"line":85,"column":15},"end":{"line":87,"column":null}},"28":{"start":{"line":89,"column":20},"end":{"line":97,"column":null}},"29":{"start":{"line":99,"column":27},"end":{"line":112,"column":null}},"30":{"start":{"line":114,"column":17},"end":{"line":119,"column":null}},"31":{"start":{"line":121,"column":2},"end":{"line":123,"column":null}},"32":{"start":{"line":122,"column":4},"end":{"line":122,"column":null}},"33":{"start":{"line":125,"column":2},"end":{"line":125,"column":null}},"34":{"start":{"line":129,"column":19},"end":{"line":129,"column":null}},"35":{"start":{"line":132,"column":6},"end":{"line":132,"column":null}},"36":{"start":{"line":133,"column":2},"end":{"line":133,"column":null}},"37":{"start":{"line":133,"column":13},"end":{"line":133,"column":null}},"38":{"start":{"line":135,"column":27},"end":{"line":138,"column":null}},"39":{"start":{"line":140,"column":2},"end":{"line":151,"column":null}},"40":{"start":{"line":141,"column":19},"end":{"line":146,"column":null}},"41":{"start":{"line":148,"column":4},"end":{"line":150,"column":null}},"42":{"start":{"line":149,"column":6},"end":{"line":149,"column":null}},"43":{"start":{"line":159,"column":19},"end":{"line":159,"column":null}},"44":{"start":{"line":162,"column":6},"end":{"line":162,"column":null}},"45":{"start":{"line":163,"column":2},"end":{"line":163,"column":null}},"46":{"start":{"line":163,"column":13},"end":{"line":163,"column":null}},"47":{"start":{"line":165,"column":27},"end":{"line":173,"column":null}},"48":{"start":{"line":175,"column":17},"end":{"line":180,"column":null}},"49":{"start":{"line":182,"column":2},"end":{"line":184,"column":null}},"50":{"start":{"line":183,"column":4},"end":{"line":183,"column":null}},"51":{"start":{"line":186,"column":2},"end":{"line":186,"column":null}},"52":{"start":{"line":190,"column":19},"end":{"line":190,"column":null}},"53":{"start":{"line":193,"column":6},"end":{"line":193,"column":null}},"54":{"start":{"line":194,"column":2},"end":{"line":194,"column":null}},"55":{"start":{"line":194,"column":13},"end":{"line":194,"column":null}},"56":{"start":{"line":196,"column":18},"end":{"line":198,"column":null}},"57":{"start":{"line":200,"column":2},"end":{"line":200,"column":null}},"58":{"start":{"line":200,"column":16},"end":{"line":200,"column":null}},"59":{"start":{"line":202,"column":27},"end":{"line":209,"column":null}},"60":{"start":{"line":211,"column":17},"end":{"line":216,"column":null}},"61":{"start":{"line":218,"column":2},"end":{"line":220,"column":null}},"62":{"start":{"line":219,"column":4},"end":{"line":219,"column":null}},"63":{"start":{"line":222,"column":2},"end":{"line":222,"column":null}}},"fnMap":{"0":{"name":"createProject","decl":{"start":{"line":10,"column":22},"end":{"line":10,"column":36}},"loc":{"start":{"line":10,"column":56},"end":{"line":66,"column":null}},"line":10},"1":{"name":"updateProject","decl":{"start":{"line":68,"column":22},"end":{"line":68,"column":36}},"loc":{"start":{"line":68,"column":68},"end":{"line":126,"column":null}},"line":68},"2":{"name":"deleteProject","decl":{"start":{"line":128,"column":22},"end":{"line":128,"column":36}},"loc":{"start":{"line":128,"column":48},"end":{"line":152,"column":null}},"line":128},"3":{"name":"moveProject","decl":{"start":{"line":154,"column":22},"end":{"line":154,"column":null}},"loc":{"start":{"line":158,"column":2},"end":{"line":187,"column":null}},"line":158},"4":{"name":"archiveProject","decl":{"start":{"line":189,"column":22},"end":{"line":189,"column":37}},"loc":{"start":{"line":189,"column":49},"end":{"line":223,"column":null}},"line":189}},"branchMap":{"0":{"loc":{"start":{"line":15,"column":2},"end":{"line":15,"column":null}},"type":"if","locations":[{"start":{"line":15,"column":2},"end":{"line":15,"column":null}},{"start":{},"end":{}}],"line":15},"1":{"loc":{"start":{"line":18,"column":23},"end":{"line":18,"column":null}},"type":"binary-expr","locations":[{"start":{"line":18,"column":23},"end":{"line":18,"column":65}},{"start":{"line":18,"column":65},"end":{"line":18,"column":null}}],"line":18},"2":{"loc":{"start":{"line":24,"column":19},"end":{"line":24,"column":null}},"type":"binary-expr","locations":[{"start":{"line":24,"column":19},"end":{"line":24,"column":57}},{"start":{"line":24,"column":57},"end":{"line":24,"column":null}}],"line":24},"3":{"loc":{"start":{"line":27,"column":15},"end":{"line":29,"column":null}},"type":"cond-expr","locations":[{"start":{"line":28,"column":6},"end":{"line":28,"column":null}},{"start":{"line":29,"column":6},"end":{"line":29,"column":null}}],"line":27},"4":{"loc":{"start":{"line":48,"column":16},"end":{"line":48,"column":null}},"type":"cond-expr","locations":[{"start":{"line":48,"column":36},"end":{"line":48,"column":66}},{"start":{"line":48,"column":66},"end":{"line":48,"column":null}}],"line":48},"5":{"loc":{"start":{"line":61,"column":2},"end":{"line":63,"column":null}},"type":"if","locations":[{"start":{"line":61,"column":2},"end":{"line":63,"column":null}},{"start":{},"end":{}}],"line":61},"6":{"loc":{"start":{"line":73,"column":2},"end":{"line":73,"column":null}},"type":"if","locations":[{"start":{"line":73,"column":2},"end":{"line":73,"column":null}},{"start":{},"end":{}}],"line":73},"7":{"loc":{"start":{"line":76,"column":23},"end":{"line":76,"column":null}},"type":"binary-expr","locations":[{"start":{"line":76,"column":23},"end":{"line":76,"column":65}},{"start":{"line":76,"column":65},"end":{"line":76,"column":null}}],"line":76},"8":{"loc":{"start":{"line":82,"column":19},"end":{"line":82,"column":null}},"type":"binary-expr","locations":[{"start":{"line":82,"column":19},"end":{"line":82,"column":57}},{"start":{"line":82,"column":57},"end":{"line":82,"column":null}}],"line":82},"9":{"loc":{"start":{"line":85,"column":15},"end":{"line":87,"column":null}},"type":"cond-expr","locations":[{"start":{"line":86,"column":6},"end":{"line":86,"column":null}},{"start":{"line":87,"column":6},"end":{"line":87,"column":null}}],"line":85},"10":{"loc":{"start":{"line":106,"column":16},"end":{"line":106,"column":null}},"type":"cond-expr","locations":[{"start":{"line":106,"column":36},"end":{"line":106,"column":66}},{"start":{"line":106,"column":66},"end":{"line":106,"column":null}}],"line":106},"11":{"loc":{"start":{"line":121,"column":2},"end":{"line":123,"column":null}},"type":"if","locations":[{"start":{"line":121,"column":2},"end":{"line":123,"column":null}},{"start":{},"end":{}}],"line":121},"12":{"loc":{"start":{"line":133,"column":2},"end":{"line":133,"column":null}},"type":"if","locations":[{"start":{"line":133,"column":2},"end":{"line":133,"column":null}},{"start":{},"end":{}}],"line":133},"13":{"loc":{"start":{"line":140,"column":2},"end":{"line":151,"column":null}},"type":"if","locations":[{"start":{"line":140,"column":2},"end":{"line":151,"column":null}},{"start":{},"end":{}}],"line":140},"14":{"loc":{"start":{"line":148,"column":4},"end":{"line":150,"column":null}},"type":"if","locations":[{"start":{"line":148,"column":4},"end":{"line":150,"column":null}},{"start":{},"end":{}}],"line":148},"15":{"loc":{"start":{"line":163,"column":2},"end":{"line":163,"column":null}},"type":"if","locations":[{"start":{"line":163,"column":2},"end":{"line":163,"column":null}},{"start":{},"end":{}}],"line":163},"16":{"loc":{"start":{"line":182,"column":2},"end":{"line":184,"column":null}},"type":"if","locations":[{"start":{"line":182,"column":2},"end":{"line":184,"column":null}},{"start":{},"end":{}}],"line":182},"17":{"loc":{"start":{"line":194,"column":2},"end":{"line":194,"column":null}},"type":"if","locations":[{"start":{"line":194,"column":2},"end":{"line":194,"column":null}},{"start":{},"end":{}}],"line":194},"18":{"loc":{"start":{"line":200,"column":2},"end":{"line":200,"column":null}},"type":"if","locations":[{"start":{"line":200,"column":2},"end":{"line":200,"column":null}},{"start":{},"end":{}}],"line":200},"19":{"loc":{"start":{"line":218,"column":2},"end":{"line":220,"column":null}},"type":"if","locations":[{"start":{"line":218,"column":2},"end":{"line":220,"column":null}},{"start":{},"end":{}}],"line":218}},"s":{"0":2,"1":2,"2":2,"3":1,"4":1,"5":1,"6":2,"7":2,"8":2,"9":2,"10":2,"11":2,"12":2,"13":1,"14":1,"15":0,"16":1,"17":1,"18":1,"19":1,"20":0,"21":1,"22":1,"23":1,"24":1,"25":1,"26":1,"27":1,"28":1,"29":1,"30":1,"31":1,"32":0,"33":1,"34":1,"35":1,"36":1,"37":0,"38":1,"39":1,"40":1,"41":1,"42":0,"43":2,"44":2,"45":2,"46":1,"47":1,"48":1,"49":1,"50":0,"51":1,"52":2,"53":2,"54":2,"55":0,"56":2,"57":2,"58":1,"59":1,"60":1,"61":1,"62":0,"63":1},"f":{"0":2,"1":1,"2":1,"3":2,"4":2},"b":{"0":[1,1],"1":[1,1],"2":[2,1],"3":[0,1],"4":[0,1],"5":[0,1],"6":[0,1],"7":[1,1],"8":[1,1],"9":[0,1],"10":[0,1],"11":[0,1],"12":[0,1],"13":[1,0],"14":[0,1],"15":[1,1],"16":[0,1],"17":[0,2],"18":[1,1],"19":[0,1]},"meta":{"lastBranch":20,"lastFunction":5,"lastStatement":64,"seen":{"f:10:22:10:36":0,"s:11:19:11:Infinity":0,"s:14:6:14:Infinity":1,"b:15:2:15:Infinity:undefined:undefined:undefined:undefined":0,"s:15:2:15:Infinity":2,"s:15:13:15:Infinity":3,"s:17:16:17:Infinity":4,"s:18:23:18:Infinity":5,"b:18:23:18:65:18:65:18:Infinity":1,"s:19:19:19:Infinity":6,"s:24:19:24:Infinity":7,"b:24:19:24:57:24:57:24:Infinity":2,"s:25:19:25:Infinity":8,"s:26:20:26:Infinity":9,"s:27:15:29:Infinity":10,"b:28:6:28:Infinity:29:6:29:Infinity":3,"s:31:20:39:Infinity":11,"s:41:23:52:Infinity":12,"b:48:36:48:66:48:66:48:Infinity":4,"s:54:17:59:Infinity":13,"b:61:2:63:Infinity:undefined:undefined:undefined:undefined":5,"s:61:2:63:Infinity":14,"s:62:4:62:Infinity":15,"s:65:2:65:Infinity":16,"f:68:22:68:36":1,"s:69:19:69:Infinity":17,"s:72:6:72:Infinity":18,"b:73:2:73:Infinity:undefined:undefined:undefined:undefined":6,"s:73:2:73:Infinity":19,"s:73:13:73:Infinity":20,"s:75:16:75:Infinity":21,"s:76:23:76:Infinity":22,"b:76:23:76:65:76:65:76:Infinity":7,"s:77:19:77:Infinity":23,"s:82:19:82:Infinity":24,"b:82:19:82:57:82:57:82:Infinity":8,"s:83:19:83:Infinity":25,"s:84:20:84:Infinity":26,"s:85:15:87:Infinity":27,"b:86:6:86:Infinity:87:6:87:Infinity":9,"s:89:20:97:Infinity":28,"s:99:27:112:Infinity":29,"b:106:36:106:66:106:66:106:Infinity":10,"s:114:17:119:Infinity":30,"b:121:2:123:Infinity:undefined:undefined:undefined:undefined":11,"s:121:2:123:Infinity":31,"s:122:4:122:Infinity":32,"s:125:2:125:Infinity":33,"f:128:22:128:36":2,"s:129:19:129:Infinity":34,"s:132:6:132:Infinity":35,"b:133:2:133:Infinity:undefined:undefined:undefined:undefined":12,"s:133:2:133:Infinity":36,"s:133:13:133:Infinity":37,"s:135:27:138:Infinity":38,"b:140:2:151:Infinity:undefined:undefined:undefined:undefined":13,"s:140:2:151:Infinity":39,"s:141:19:146:Infinity":40,"b:148:4:150:Infinity:undefined:undefined:undefined:undefined":14,"s:148:4:150:Infinity":41,"s:149:6:149:Infinity":42,"f:154:22:154:Infinity":3,"s:159:19:159:Infinity":43,"s:162:6:162:Infinity":44,"b:163:2:163:Infinity:undefined:undefined:undefined:undefined":15,"s:163:2:163:Infinity":45,"s:163:13:163:Infinity":46,"s:165:27:173:Infinity":47,"s:175:17:180:Infinity":48,"b:182:2:184:Infinity:undefined:undefined:undefined:undefined":16,"s:182:2:184:Infinity":49,"s:183:4:183:Infinity":50,"s:186:2:186:Infinity":51,"f:189:22:189:37":4,"s:190:19:190:Infinity":52,"s:193:6:193:Infinity":53,"b:194:2:194:Infinity:undefined:undefined:undefined:undefined":17,"s:194:2:194:Infinity":54,"s:194:13:194:Infinity":55,"s:196:18:198:Infinity":56,"b:200:2:200:Infinity:undefined:undefined:undefined:undefined":18,"s:200:2:200:Infinity":57,"s:200:16:200:Infinity":58,"s:202:27:209:Infinity":59,"s:211:17:216:Infinity":60,"b:218:2:220:Infinity:undefined:undefined:undefined:undefined":19,"s:218:2:220:Infinity":61,"s:219:4:219:Infinity":62,"s:222:2:222:Infinity":63}}}
,"C:\\Projects\\life_planner\\src\\actions\\task-actions.ts": {"path":"C:\\Projects\\life_planner\\src\\actions\\task-actions.ts","statementMap":{"0":{"start":{"line":11,"column":19},"end":{"line":11,"column":null}},"1":{"start":{"line":14,"column":6},"end":{"line":14,"column":null}},"2":{"start":{"line":15,"column":2},"end":{"line":15,"column":null}},"3":{"start":{"line":15,"column":13},"end":{"line":15,"column":null}},"4":{"start":{"line":17,"column":16},"end":{"line":17,"column":null}},"5":{"start":{"line":18,"column":20},"end":{"line":18,"column":null}},"6":{"start":{"line":19,"column":24},"end":{"line":19,"column":null}},"7":{"start":{"line":20,"column":17},"end":{"line":20,"column":null}},"8":{"start":{"line":21,"column":19},"end":{"line":21,"column":null}},"9":{"start":{"line":26,"column":19},"end":{"line":26,"column":null}},"10":{"start":{"line":27,"column":22},"end":{"line":27,"column":null}},"11":{"start":{"line":28,"column":26},"end":{"line":28,"column":null}},"12":{"start":{"line":30,"column":20},"end":{"line":39,"column":null}},"13":{"start":{"line":41,"column":20},"end":{"line":53,"column":null}},"14":{"start":{"line":55,"column":18},"end":{"line":64,"column":null}},"15":{"start":{"line":66,"column":2},"end":{"line":68,"column":null}},"16":{"start":{"line":67,"column":4},"end":{"line":67,"column":null}},"17":{"start":{"line":69,"column":2},"end":{"line":69,"column":null}},"18":{"start":{"line":71,"column":2},"end":{"line":71,"column":null}},"19":{"start":{"line":75,"column":19},"end":{"line":75,"column":null}},"20":{"start":{"line":78,"column":6},"end":{"line":78,"column":null}},"21":{"start":{"line":79,"column":2},"end":{"line":79,"column":null}},"22":{"start":{"line":79,"column":13},"end":{"line":79,"column":null}},"23":{"start":{"line":81,"column":16},"end":{"line":81,"column":null}},"24":{"start":{"line":82,"column":20},"end":{"line":82,"column":null}},"25":{"start":{"line":83,"column":24},"end":{"line":83,"column":null}},"26":{"start":{"line":84,"column":17},"end":{"line":84,"column":null}},"27":{"start":{"line":85,"column":19},"end":{"line":85,"column":null}},"28":{"start":{"line":90,"column":19},"end":{"line":90,"column":null}},"29":{"start":{"line":91,"column":22},"end":{"line":91,"column":null}},"30":{"start":{"line":92,"column":26},"end":{"line":92,"column":null}},"31":{"start":{"line":94,"column":20},"end":{"line":103,"column":null}},"32":{"start":{"line":105,"column":24},"end":{"line":117,"column":null}},"33":{"start":{"line":119,"column":18},"end":{"line":128,"column":null}},"34":{"start":{"line":130,"column":2},"end":{"line":132,"column":null}},"35":{"start":{"line":131,"column":4},"end":{"line":131,"column":null}},"36":{"start":{"line":133,"column":2},"end":{"line":133,"column":null}},"37":{"start":{"line":135,"column":2},"end":{"line":135,"column":null}},"38":{"start":{"line":139,"column":19},"end":{"line":139,"column":null}},"39":{"start":{"line":142,"column":6},"end":{"line":142,"column":null}},"40":{"start":{"line":143,"column":2},"end":{"line":143,"column":null}},"41":{"start":{"line":143,"column":13},"end":{"line":143,"column":null}},"42":{"start":{"line":145,"column":15},"end":{"line":147,"column":null}},"43":{"start":{"line":149,"column":2},"end":{"line":149,"column":null}},"44":{"start":{"line":149,"column":13},"end":{"line":149,"column":null}},"45":{"start":{"line":151,"column":20},"end":{"line":151,"column":null}},"46":{"start":{"line":152,"column":22},"end":{"line":152,"column":null}},"47":{"start":{"line":154,"column":24},"end":{"line":162,"column":null}},"48":{"start":{"line":165,"column":2},"end":{"line":197,"column":null}},"49":{"start":{"line":166,"column":22},"end":{"line":166,"column":null}},"50":{"start":{"line":169,"column":4},"end":{"line":169,"column":null}},"51":{"start":{"line":169,"column":38},"end":{"line":169,"column":null}},"52":{"start":{"line":171,"column":4},"end":{"line":184,"column":null}},"53":{"start":{"line":173,"column":8},"end":{"line":173,"column":null}},"54":{"start":{"line":174,"column":8},"end":{"line":174,"column":null}},"55":{"start":{"line":176,"column":8},"end":{"line":176,"column":null}},"56":{"start":{"line":177,"column":8},"end":{"line":177,"column":null}},"57":{"start":{"line":179,"column":8},"end":{"line":179,"column":null}},"58":{"start":{"line":180,"column":8},"end":{"line":180,"column":null}},"59":{"start":{"line":182,"column":8},"end":{"line":182,"column":null}},"60":{"start":{"line":183,"column":8},"end":{"line":183,"column":null}},"61":{"start":{"line":186,"column":4},"end":{"line":196,"column":null}},"62":{"start":{"line":199,"column":18},"end":{"line":208,"column":null}},"63":{"start":{"line":210,"column":2},"end":{"line":212,"column":null}},"64":{"start":{"line":211,"column":4},"end":{"line":211,"column":null}},"65":{"start":{"line":213,"column":2},"end":{"line":213,"column":null}},"66":{"start":{"line":215,"column":2},"end":{"line":215,"column":null}},"67":{"start":{"line":219,"column":19},"end":{"line":219,"column":null}},"68":{"start":{"line":222,"column":6},"end":{"line":222,"column":null}},"69":{"start":{"line":223,"column":2},"end":{"line":223,"column":null}},"70":{"start":{"line":223,"column":13},"end":{"line":223,"column":null}},"71":{"start":{"line":225,"column":24},"end":{"line":228,"column":null}},"72":{"start":{"line":230,"column":2},"end":{"line":246,"column":null}},"73":{"start":{"line":231,"column":20},"end":{"line":240,"column":null}},"74":{"start":{"line":242,"column":4},"end":{"line":244,"column":null}},"75":{"start":{"line":243,"column":6},"end":{"line":243,"column":null}},"76":{"start":{"line":245,"column":4},"end":{"line":245,"column":null}},"77":{"start":{"line":250,"column":19},"end":{"line":250,"column":null}},"78":{"start":{"line":253,"column":6},"end":{"line":253,"column":null}},"79":{"start":{"line":254,"column":2},"end":{"line":254,"column":null}},"80":{"start":{"line":254,"column":13},"end":{"line":254,"column":null}},"81":{"start":{"line":256,"column":2},"end":{"line":260,"column":null}},"82":{"start":{"line":258,"column":6},"end":{"line":258,"column":null}},"83":{"start":{"line":262,"column":20},"end":{"line":275,"column":null}},"84":{"start":{"line":277,"column":2},"end":{"line":279,"column":null}},"85":{"start":{"line":278,"column":4},"end":{"line":278,"column":null}}},"fnMap":{"0":{"name":"createTask","decl":{"start":{"line":10,"column":22},"end":{"line":10,"column":33}},"loc":{"start":{"line":10,"column":53},"end":{"line":72,"column":null}},"line":10},"1":{"name":"updateTask","decl":{"start":{"line":74,"column":22},"end":{"line":74,"column":33}},"loc":{"start":{"line":74,"column":65},"end":{"line":136,"column":null}},"line":74},"2":{"name":"toggleTask","decl":{"start":{"line":138,"column":22},"end":{"line":138,"column":33}},"loc":{"start":{"line":138,"column":45},"end":{"line":216,"column":null}},"line":138},"3":{"name":"deleteTask","decl":{"start":{"line":218,"column":22},"end":{"line":218,"column":33}},"loc":{"start":{"line":218,"column":45},"end":{"line":247,"column":null}},"line":218},"4":{"name":"reorderTasks","decl":{"start":{"line":249,"column":22},"end":{"line":249,"column":35}},"loc":{"start":{"line":249,"column":57},"end":{"line":280,"column":null}},"line":249},"5":{"name":"(anonymous_5)","decl":{"start":{"line":257,"column":19},"end":{"line":257,"column":20}},"loc":{"start":{"line":258,"column":6},"end":{"line":258,"column":null}},"line":258}},"branchMap":{"0":{"loc":{"start":{"line":15,"column":2},"end":{"line":15,"column":null}},"type":"if","locations":[{"start":{"line":15,"column":2},"end":{"line":15,"column":null}},{"start":{},"end":{}}],"line":15},"1":{"loc":{"start":{"line":19,"column":24},"end":{"line":19,"column":null}},"type":"binary-expr","locations":[{"start":{"line":19,"column":24},"end":{"line":19,"column":67}},{"start":{"line":19,"column":67},"end":{"line":19,"column":null}}],"line":19},"2":{"loc":{"start":{"line":26,"column":19},"end":{"line":26,"column":null}},"type":"binary-expr","locations":[{"start":{"line":26,"column":19},"end":{"line":26,"column":57}},{"start":{"line":26,"column":57},"end":{"line":26,"column":null}}],"line":26},"3":{"loc":{"start":{"line":28,"column":26},"end":{"line":28,"column":null}},"type":"binary-expr","locations":[{"start":{"line":28,"column":26},"end":{"line":28,"column":71}},{"start":{"line":28,"column":71},"end":{"line":28,"column":null}}],"line":28},"4":{"loc":{"start":{"line":49,"column":16},"end":{"line":49,"column":null}},"type":"cond-expr","locations":[{"start":{"line":49,"column":36},"end":{"line":49,"column":66}},{"start":{"line":49,"column":66},"end":{"line":49,"column":null}}],"line":49},"5":{"loc":{"start":{"line":66,"column":2},"end":{"line":68,"column":null}},"type":"if","locations":[{"start":{"line":66,"column":2},"end":{"line":68,"column":null}},{"start":{},"end":{}}],"line":66},"6":{"loc":{"start":{"line":79,"column":2},"end":{"line":79,"column":null}},"type":"if","locations":[{"start":{"line":79,"column":2},"end":{"line":79,"column":null}},{"start":{},"end":{}}],"line":79},"7":{"loc":{"start":{"line":83,"column":24},"end":{"line":83,"column":null}},"type":"binary-expr","locations":[{"start":{"line":83,"column":24},"end":{"line":83,"column":67}},{"start":{"line":83,"column":67},"end":{"line":83,"column":null}}],"line":83},"8":{"loc":{"start":{"line":90,"column":19},"end":{"line":90,"column":null}},"type":"binary-expr","locations":[{"start":{"line":90,"column":19},"end":{"line":90,"column":57}},{"start":{"line":90,"column":57},"end":{"line":90,"column":null}}],"line":90},"9":{"loc":{"start":{"line":92,"column":26},"end":{"line":92,"column":null}},"type":"binary-expr","locations":[{"start":{"line":92,"column":26},"end":{"line":92,"column":71}},{"start":{"line":92,"column":71},"end":{"line":92,"column":null}}],"line":92},"10":{"loc":{"start":{"line":111,"column":16},"end":{"line":111,"column":null}},"type":"cond-expr","locations":[{"start":{"line":111,"column":36},"end":{"line":111,"column":66}},{"start":{"line":111,"column":66},"end":{"line":111,"column":null}}],"line":111},"11":{"loc":{"start":{"line":130,"column":2},"end":{"line":132,"column":null}},"type":"if","locations":[{"start":{"line":130,"column":2},"end":{"line":132,"column":null}},{"start":{},"end":{}}],"line":130},"12":{"loc":{"start":{"line":143,"column":2},"end":{"line":143,"column":null}},"type":"if","locations":[{"start":{"line":143,"column":2},"end":{"line":143,"column":null}},{"start":{},"end":{}}],"line":143},"13":{"loc":{"start":{"line":149,"column":2},"end":{"line":149,"column":null}},"type":"if","locations":[{"start":{"line":149,"column":2},"end":{"line":149,"column":null}},{"start":{},"end":{}}],"line":149},"14":{"loc":{"start":{"line":151,"column":20},"end":{"line":151,"column":null}},"type":"cond-expr","locations":[{"start":{"line":151,"column":45},"end":{"line":151,"column":54}},{"start":{"line":151,"column":54},"end":{"line":151,"column":null}}],"line":151},"15":{"loc":{"start":{"line":152,"column":22},"end":{"line":152,"column":null}},"type":"cond-expr","locations":[{"start":{"line":152,"column":45},"end":{"line":152,"column":58}},{"start":{"line":152,"column":58},"end":{"line":152,"column":null}}],"line":152},"16":{"loc":{"start":{"line":165,"column":2},"end":{"line":197,"column":null}},"type":"if","locations":[{"start":{"line":165,"column":2},"end":{"line":197,"column":null}},{"start":{},"end":{}}],"line":165},"17":{"loc":{"start":{"line":165,"column":6},"end":{"line":165,"column":73}},"type":"binary-expr","locations":[{"start":{"line":165,"column":6},"end":{"line":165,"column":30}},{"start":{"line":165,"column":30},"end":{"line":165,"column":51}},{"start":{"line":165,"column":51},"end":{"line":165,"column":73}}],"line":165},"18":{"loc":{"start":{"line":166,"column":22},"end":{"line":166,"column":null}},"type":"cond-expr","locations":[{"start":{"line":166,"column":38},"end":{"line":166,"column":64}},{"start":{"line":166,"column":64},"end":{"line":166,"column":null}}],"line":166},"19":{"loc":{"start":{"line":169,"column":4},"end":{"line":169,"column":null}},"type":"if","locations":[{"start":{"line":169,"column":4},"end":{"line":169,"column":null}},{"start":{},"end":{}}],"line":169},"20":{"loc":{"start":{"line":171,"column":4},"end":{"line":184,"column":null}},"type":"switch","locations":[{"start":{"line":172,"column":6},"end":{"line":174,"column":null}},{"start":{"line":175,"column":6},"end":{"line":177,"column":null}},{"start":{"line":178,"column":6},"end":{"line":180,"column":null}},{"start":{"line":181,"column":6},"end":{"line":183,"column":null}}],"line":171},"21":{"loc":{"start":{"line":210,"column":2},"end":{"line":212,"column":null}},"type":"if","locations":[{"start":{"line":210,"column":2},"end":{"line":212,"column":null}},{"start":{},"end":{}}],"line":210},"22":{"loc":{"start":{"line":223,"column":2},"end":{"line":223,"column":null}},"type":"if","locations":[{"start":{"line":223,"column":2},"end":{"line":223,"column":null}},{"start":{},"end":{}}],"line":223},"23":{"loc":{"start":{"line":230,"column":2},"end":{"line":246,"column":null}},"type":"if","locations":[{"start":{"line":230,"column":2},"end":{"line":246,"column":null}},{"start":{},"end":{}}],"line":230},"24":{"loc":{"start":{"line":242,"column":4},"end":{"line":244,"column":null}},"type":"if","locations":[{"start":{"line":242,"column":4},"end":{"line":244,"column":null}},{"start":{},"end":{}}],"line":242},"25":{"loc":{"start":{"line":254,"column":2},"end":{"line":254,"column":null}},"type":"if","locations":[{"start":{"line":254,"column":2},"end":{"line":254,"column":null}},{"start":{},"end":{}}],"line":254},"26":{"loc":{"start":{"line":277,"column":2},"end":{"line":279,"column":null}},"type":"if","locations":[{"start":{"line":277,"column":2},"end":{"line":279,"column":
[...]
ty":3,"s:17:16:17:Infinity":4,"s:18:20:18:Infinity":5,"s:19:24:19:Infinity":6,"b:19:24:19:67:19:67:19:Infinity":1,"s:20:17:20:Infinity":7,"s:21:19:21:Infinity":8,"s:26:19:26:Infinity":9,"b:26:19:26:57:26:57:26:Infinity":2,"s:27:22:27:Infinity":10,"s:28:26:28:Infinity":11,"b:28:26:28:71:28:71:28:Infinity":3,"s:30:20:39:Infinity":12,"s:41:20:53:Infinity":13,"b:49:36:49:66:49:66:49:Infinity":4,"s:55:18:64:Infinity":14,"b:66:2:68:Infinity:undefined:undefined:undefined:undefined":5,"s:66:2:68:Infinity":15,"s:67:4:67:Infinity":16,"s:69:2:69:Infinity":17,"s:71:2:71:Infinity":18,"f:74:22:74:33":1,"s:75:19:75:Infinity":19,"s:78:6:78:Infinity":20,"b:79:2:79:Infinity:undefined:undefined:undefined:undefined":6,"s:79:2:79:Infinity":21,"s:79:13:79:Infinity":22,"s:81:16:81:Infinity":23,"s:82:20:82:Infinity":24,"s:83:24:83:Infinity":25,"b:83:24:83:67:83:67:83:Infinity":7,"s:84:17:84:Infinity":26,"s:85:19:85:Infinity":27,"s:90:19:90:Infinity":28,"b:90:19:90:57:90:57:90:Infinity":8,"s:91:22:91:Infinity":29,"s:92:26:92:Infinity":30,"b:92:26:92:71:92:71:92:Infinity":9,"s:94:20:103:Infinity":31,"s:105:24:117:Infinity":32,"b:111:36:111:66:111:66:111:Infinity":10,"s:119:18:128:Infinity":33,"b:130:2:132:Infinity:undefined:undefined:undefined:undefined":11,"s:130:2:132:Infinity":34,"s:131:4:131:Infinity":35,"s:133:2:133:Infinity":36,"s:135:2:135:Infinity":37,"f:138:22:138:33":2,"s:139:19:139:Infinity":38,"s:142:6:142:Infinity":39,"b:143:2:143:Infinity:undefined:undefined:undefined:undefined":12,"s:143:2:143:Infinity":40,"s:143:13:143:Infinity":41,"s:145:15:147:Infinity":42,"b:149:2:149:Infinity:undefined:undefined:undefined:undefined":13,"s:149:2:149:Infinity":43,"s:149:13:149:Infinity":44,"s:151:20:151:Infinity":45,"b:151:45:151:54:151:54:151:Infinity":14,"s:152:22:152:Infinity":46,"b:152:45:152:58:152:58:152:Infinity":15,"s:154:24:162:Infinity":47,"b:165:2:197:Infinity:undefined:undefined:undefined:undefined":16,"s:165:2:197:Infinity":48,"b:165:6:165:30:165:30:165:51:165:51:165:73":17,"s:166:22:166:Infinity":49,"b:166:38:166:64:166:64:166:Infinity":18,"b:169:4:169:Infinity:undefined:undefined:undefined:undefined":19,"s:169:4:169:Infinity":50,"s:169:38:169:Infinity":51,"b:172:6:174:Infinity:175:6:177:Infinity:178:6:180:Infinity:181:6:183:Infinity":20,"s:171:4:184:Infinity":52,"s:173:8:173:Infinity":53,"s:174:8:174:Infinity":54,"s:176:8:176:Infinity":55,"s:177:8:177:Infinity":56,"s:179:8:179:Infinity":57,"s:180:8:180:Infinity":58,"s:182:8:182:Infinity":59,"s:183:8:183:Infinity":60,"s:186:4:196:Infinity":61,"s:199:18:208:Infinity":62,"b:210:2:212:Infinity:undefined:undefined:undefined:undefined":21,"s:210:2:212:Infinity":63,"s:211:4:211:Infinity":64,"s:213:2:213:Infinity":65,"s:215:2:215:Infinity":66,"f:218:22:218:33":3,"s:219:19:219:Infinity":67,"s:222:6:222:Infinity":68,"b:223:2:223:Infinity:undefined:undefined:undefined:undefined":22,"s:223:2:223:Infinity":69,"s:223:13:223:Infinity":70,"s:225:24:228:Infinity":71,"b:230:2:246:Infinity:undefined:undefined:undefined:undefined":23,"s:230:2:246:Infinity":72,"s:231:20:240:Infinity":73,"b:242:4:244:Infinity:undefined:undefined:undefined:undefined":24,"s:242:4:244:Infinity":74,"s:243:6:243:Infinity":75,"s:245:4:245:Infinity":76,"f:249:22:249:35":4,"s:250:19:250:Infinity":77,"s:253:6:253:Infinity":78,"b:254:2:254:Infinity:undefined:undefined:undefined:undefined":25,"s:254:2:254:Infinity":79,"s:254:13:254:Infinity":80,"s:256:2:260:Infinity":81,"f:257:19:257:20":5,"s:258:6:258:Infinity":82,"s:262:20:275:Infinity":83,"b:277:2:279:Infinity:undefined:undefined:undefined:undefined":26,"s:277:2:279:Infinity":84,"s:278:4:278:Infinity":85}}}
,"C:\\Projects\\life_planner\\src\\actions\\time-actions.ts": {"path":"C:\\Projects\\life_planner\\src\\actions\\time-actions.ts","statementMap":{"0":{"start":{"line":11,"column":19},"end":{"line":11,"column":null}},"1":{"start":{"line":14,"column":6},"end":{"line":14,"column":null}},"2":{"start":{"line":15,"column":2},"end":{"line":15,"column":null}},"3":{"start":{"line":15,"column":13},"end":{"line":15,"column":null}},"4":{"start":{"line":18,"column":24},"end":{"line":20,"column":null}},"5":{"start":{"line":22,"column":2},"end":{"line":24,"column":null}},"6":{"start":{"line":23,"column":4},"end":{"line":23,"column":null}},"7":{"start":{"line":26,"column":21},"end":{"line":34,"column":null}},"8":{"start":{"line":36,"column":2},"end":{"line":36,"column":null}},"9":{"start":{"line":37,"column":2},"end":{"line":37,"column":null}},"10":{"start":{"line":41,"column":19},"end":{"line":41,"column":null}},"11":{"start":{"line":44,"column":6},"end":{"line":44,"column":null}},"12":{"start":{"line":45,"column":2},"end":{"line":45,"column":null}},"13":{"start":{"line":45,"column":13},"end":{"line":45,"column":null}},"14":{"start":{"line":47,"column":16},"end":{"line":49,"column":null}},"15":{"start":{"line":51,"column":2},"end":{"line":51,"column":null}},"16":{"start":{"line":51,"column":14},"end":{"line":51,"column":null}},"17":{"start":{"line":53,"column":18},"end":{"line":53,"column":null}},"18":{"start":{"line":54,"column":8},"end":{"line":54,"column":null}},"19":{"start":{"line":56,"column":25},"end":{"line":63,"column":null}},"20":{"start":{"line":65,"column":2},"end":{"line":65,"column":null}},"21":{"start":{"line":66,"column":2},"end":{"line":66,"column":null}},"22":{"start":{"line":70,"column":2},"end":{"line":75,"column":null}},"23":{"start":{"line":79,"column":19},"end":{"line":79,"column":null}},"24":{"start":{"line":82,"column":6},"end":{"line":82,"column":null}},"25":{"start":{"line":83,"column":2},"end":{"line":83,"column":null}},"26":{"start":{"line":83,"column":13},"end":{"line":83,"column":null}},"27":{"start":{"line":85,"column":2},"end":{"line":85,"column":null}},"28":{"start":{"line":86,"column":2},"end":{"line":86,"column":null}}},"fnMap":{"0":{"name":"startTimer","decl":{"start":{"line":10,"column":22},"end":{"line":10,"column":33}},"loc":{"start":{"line":10,"column":70},"end":{"line":38,"column":null}},"line":10},"1":{"name":"stopTimer","decl":{"start":{"line":40,"column":22},"end":{"line":40,"column":32}},"loc":{"start":{"line":40,"column":44},"end":{"line":67,"column":null}},"line":40},"2":{"name":"getRunningTimer","decl":{"start":{"line":69,"column":22},"end":{"line":69,"column":38}},"loc":{"start":{"line":69,"column":54},"end":{"line":76,"column":null}},"line":69},"3":{"name":"deleteTimeEntry","decl":{"start":{"line":78,"column":22},"end":{"line":78,"column":38}},"loc":{"start":{"line":78,"column":50},"end":{"line":87,"column":null}},"line":78}},"branchMap":{"0":{"loc":{"start":{"line":15,"column":2},"end":{"line":15,"column":null}},"type":"if","locations":[{"start":{"line":15,"column":2},"end":{"line":15,"column":null}},{"start":{},"end":{}}],"line":15},"1":{"loc":{"start":{"line":30,"column":18},"end":{"line":30,"column":null}},"type":"binary-expr","locations":[{"start":{"line":30,"column":18},"end":{"line":30,"column":31}},{"start":{"line":30,"column":31},"end":{"line":30,"column":null}}],"line":30},"2":{"loc":{"start":{"line":31,"column":15},"end":{"line":31,"column":null}},"type":"binary-expr","locations":[{"start":{"line":31,"column":15},"end":{"line":31,"column":25}},{"start":{"line":31,"column":25},"end":{"line":31,"column":null}}],"line":31},"3":{"loc":{"start":{"line":45,"column":2},"end":{"line":45,"column":null}},"type":"if","locations":[{"start":{"line":45,"column":2},"end":{"line":45,"column":null}},{"start":{},"end":{}}],"line":45},"4":{"loc":{"start":{"line":51,"column":2},"end":{"line":51,"column":null}},"type":"if","locations":[{"start":{"line":51,"column":2},"end":{"line":51,"column":null}},{"start":{},"end":{}}],"line":51},"5":{"loc":{"start":{"line":83,"column":2},"end":{"line":83,"column":null}},"type":"if","locations":[{"start":{"line":83,"column":2},"end":{"line":83,"column":null}},{"start":{},"end":{}}],"line":83}},"s":{"0":3,"1":3,"2":3,"3":1,"4":2,"5":2,"6":1,"7":2,"8":2,"9":2,"10":3,"11":3,"12":3,"13":0,"14":3,"15":3,"16":1,"17":2,"18":2,"19":2,"20":2,"21":2,"22":2,"23":2,"24":2,"25":2,"26":1,"27":1,"28":1},"f":{"0":3,"1":3,"2":2,"3":2},"b":{"0":[1,2],"1":[2,0],"2":[3,2],"3":[0,3],"4":[1,2],"5":[1,1]},"meta":{"lastBranch":6,"lastFunction":4,"lastStatement":29,"seen":{"f:10:22:10:33":0,"s:11:19:11:Infinity":0,"s:14:6:14:Infinity":1,"b:15:2:15:Infinity:undefined:undefined:undefined:undefined":0,"s:15:2:15:Infinity":2,"s:15:13:15:Infinity":3,"s:18:24:20:Infinity":4,"s:22:2:24:Infinity":5,"s:23:4:23:Infinity":6,"s:26:21:34:Infinity":7,"b:30:18:30:31:30:31:30:Infinity":1,"b:31:15:31:25:31:25:31:Infinity":2,"s:36:2:36:Infinity":8,"s:37:2:37:Infinity":9,"f:40:22:40:32":1,"s:41:19:41:Infinity":10,"s:44:6:44:Infinity":11,"b:45:2:45:Infinity:undefined:undefined:undefined:undefined":3,"s:45:2:45:Infinity":12,"s:45:13:45:Infinity":13,"s:47:16:49:Infinity":14,"b:51:2:51:Infinity:undefined:undefined:undefined:undefined":4,"s:51:2:51:Infinity":15,"s:51:14:51:Infinity":16,"s:53:18:53:Infinity":17,"s:54:8:54:Infinity":18,"s:56:25:63:Infinity":19,"s:65:2:65:Infinity":20,"s:66:2:66:Infinity":21,"f:69:22:69:38":2,"s:70:2:75:Infinity":22,"f:78:22:78:38":3,"s:79:19:79:Infinity":23,"s:82:6:82:Infinity":24,"b:83:2:83:Infinity:undefined:undefined:undefined:undefined":5,"s:83:2:83:Infinity":25,"s:83:13:83:Infinity":26,"s:85:2:85:Infinity":27,"s:86:2:86:Infinity":28}}}
,"C:\\Projects\\life_planner\\src\\actions\\__tests__\\helpers.ts": {"path":"C:\\Projects\\life_planner\\src\\actions\\__tests__\\helpers.ts","statementMap":{"0":{"start":{"line":3,"column":24},"end":{"line":3,"column":null}},"1":{"start":{"line":5,"column":34},"end":{"line":13,"column":null}},"2":{"start":{"line":16,"column":19},"end":{"line":16,"column":null}},"3":{"start":{"line":17,"column":2},"end":{"line":19,"column":null}},"4":{"start":{"line":18,"column":4},"end":{"line":18,"column":null}},"5":{"start":{"line":20,"column":2},"end":{"line":20,"column":null}},"6":{"start":{"line":23,"column":25},"end":{"line":23,"column":null}},"7":{"start":{"line":24,"column":27},"end":{"line":24,"column":null}},"8":{"start":{"line":25,"column":27},"end":{"line":25,"column":null}}},"fnMap":{"0":{"name":"createMockFormData","decl":{"start":{"line":15,"column":16},"end":{"line":15,"column":35}},"loc":{"start":{"line":15,"column":75},"end":{"line":21,"column":null}},"line":15}},"branchMap":{},"s":{"0":10,"1":10,"2":33,"3":33,"4":87,"5":33,"6":10,"7":10,"8":10},"f":{"0":33},"b":{},"meta":{"lastBranch":0,"lastFunction":1,"lastStatement":9,"seen":{"s:3:24:3:Infinity":0,"s:5:34:13:Infinity":1,"f:15:16:15:35":0,"s:16:19:16:Infinity":2,"s:17:2:19:Infinity":3,"s:18:4:18:Infinity":4,"s:20:2:20:Infinity":5,"s:23:25:23:Infinity":6,"s:24:27:24:Infinity":7,"s:25:27:25:Infinity":8}}}
,"C:\\Projects\\life_planner\\src\\lib\\utils.ts": {"path":"C:\\Projects\\life_planner\\src\\lib\\utils.ts","statementMap":{"0":{"start":{"line":5,"column":2},"end":{"line":5,"column":null}}},"fnMap":{"0":{"name":"cn","decl":{"start":{"line":4,"column":16},"end":{"line":4,"column":22}},"loc":{"start":{"line":4,"column":44},"end":{"line":6,"column":null}},"line":4}},"branchMap":{},"s":{"0":7},"f":{"0":7},"b":{},"meta":{"lastBranch":0,"lastFunction":1,"lastStatement":1,"seen":{"f:4:16:4:22":0,"s:5:2:5:Infinity":0}}}
,"C:\\Projects\\life_planner\\src\\lib\\hooks\\use-debounce.tsx": {"path":"C:\\Projects\\life_planner\\src\\lib\\hooks\\use-debounce.tsx","statementMap":{"0":{"start":{"line":4,"column":42},"end":{"line":4,"column":null}},"1":{"start":{"line":6,"column":2},"end":{"line":14,"column":null}},"2":{"start":{"line":7,"column":18},"end":{"line":9,"column":null}},"3":{"start":{"line":8,"column":6},"end":{"line":8,"column":null}},"4":{"start":{"line":11,"column":4},"end":{"line":13,"column":null}},"5":{"start":{"line":12,"column":6},"end":{"line":12,"column":null}},"6":{"start":{"line":16,"column":2},"end":{"line":16,"column":null}}},"fnMap":{"0":{"name":"useDebounce","decl":{"start":{"line":3,"column":16},"end":{"line":3,"column":31}},"loc":{"start":{"line":3,"column":65},"end":{"line":17,"column":null}},"line":3},"1":{"name":"(anonymous_1)","decl":{"start":{"line":6,"column":12},"end":{"line":6,"column":18}},"loc":{"start":{"line":6,"column":18},"end":{"line":14,"column":5}},"line":6},"2":{"name":"(anonymous_2)","decl":{"start":{"line":7,"column":29},"end":{"line":7,"column":35}},"loc":{"start":{"line":7,"column":35},"end":{"line":9,"column":7}},"line":7},"3":{"name":"(anonymous_3)","decl":{"start":{"line":11,"column":11},"end":{"line":11,"column":17}},"loc":{"start":{"line":11,"column":17},"end":{"line":13,"column":null}},"line":11}},"branchMap":{"0":{"loc":{"start":{"line":3,"column":41},"end":{"line":3,"column":65}},"type":"default-arg","locations":[{"start":{"line":3,"column":57},"end":{"line":3,"column":65}}],"line":3}},"s":{"0":16,"1":16,"2":12,"3":4,"4":12,"5":12,"6":16},"f":{"0":16,"1":12,"2":4,"3":12},"b":{"0":[16]},"meta":{"lastBranch":1,"lastFunction":4,"lastStatement":7,"seen":{"f:3:16:3:31":0,"b:3:57:3:65":0,"s:4:42:4:Infinity":0,"s:6:2:14:Infinity":1,"f:6:12:6:18":1,"s:7:18:9:Infinity":2,"f:7:29:7:35":2,"s:8:6:8:Infinity":3,"s:11:4:13:Infinity":4,"f:11:11:11:17":3,"s:12:6:12:Infinity":5,"s:16:2:16:Infinity":6}}}
,"C:\\Projects\\life_planner\\src\\lib\\stores\\filter-store.ts": {"path":"C:\\Projects\\life_planner\\src\\lib\\stores\\filter-store.ts","statementMap":{"0":{"start":{"line":15,"column":13},"end":{"line":26,"column":null}},"1":{"start":{"line":15,"column":60},"end":{"line":26,"column":2}},"2":{"start":{"line":20,"column":21},"end":{"line":20,"column":null}},"3":{"start":{"line":21,"column":25},"end":{"line":21,"column":null}},"4":{"start":{"line":22,"column":29},"end":{"line":22,"column":null}},"5":{"start":{"line":23,"column":25},"end":{"line":23,"column":null}},"6":{"start":{"line":25,"column":4},"end":{"line":25,"column":null}}},"fnMap":{"0":{"name":"(anonymous_0)","decl":{"start":{"line":15,"column":50},"end":{"line":15,"column":51}},"loc":{"start":{"line":15,"column":60},"end":{"line":26,"column":2}},"line":15},"1":{"name":"(anonymous_1)","decl":{"start":{"line":20,"column":13},"end":{"line":20,"column":14}},"loc":{"start":{"line":20,"column":21},"end":{"line":20,"column":null}},"line":20},"2":{"name":"(anonymous_2)","decl":{"start":{"line":21,"column":13},"end":{"line":21,"column":14}},"loc":{"start":{"line":21,"column":25},"end":{"line":21,"column":null}},"line":21},"3":{"name":"(anonymous_3)","decl":{"start":{"line":22,"column":15},"end":{"line":22,"column":16}},"loc":{"start":{"line":22,"column":29},"end":{"line":22,"column":null}},"line":22},"4":{"name":"(anonymous_4)","decl":{"start":{"line":23,"column":13},"end":{"line":23,"column":14}},"loc":{"start":{"line":23,"column":25},"end":{"line":23,"column":null}},"line":23},"5":{"name":"(anonymous_5)","decl":{"start":{"line":24,"column":16},"end":{"line":24,"column":null}},"loc":{"start":{"line":25,"column":4},"end":{"line":25,"column":null}},"line":25}},"branchMap":{},"s":{"0":1,"1":1,"2":4,"3":2,"4":2,"5":2,"6":1},"f":{"0":1,"1":4,"2":2,"3":2,"4":2,"5":1},"b":{},"meta":{"lastBranch":0,"lastFunction":6,"lastStatement":7,"seen":{"s:15:13:26:Infinity":0,"f:15:50:15:51":0,"s:15:60:26:2":1,"f:20:13:20:14":1,"s:20:21:20:Infinity":2,"f:21:13:21:14":2,"s:21:25:21:Infinity":3,"f:22:15:22:16":3,"s:22:29:22:Infinity":4,"f:23:13:23:14":4,"s:23:25:23:Infinity":5,"f:24:16:24:Infinity":5,"s:25:4:25:Infinity":6}}}
,"C:\\Projects\\life_planner\\src\\lib\\stores\\timer-store.ts": {"path":"C:\\Projects\\life_planner\\src\\lib\\stores\\timer-store.ts","statementMap":{"0":{"start":{"line":15,"column":13},"end":{"line":23,"column":null}},"1":{"start":{"line":15,"column":58},"end":{"line":23,"column":2}},"2":{"start":{"line":20,"column":4},"end":{"line":20,"column":null}},"3":{"start":{"line":22,"column":4},"end":{"line":22,"column":null}}},"fnMap":{"0":{"name":"(anonymous_0)","decl":{"start":{"line":15,"column":48},"end":{"line":15,"column":49}},"loc":{"start":{"line":15,"column":58},"end":{"line":23,"column":2}},"line":15},"1":{"name":"(anonymous_1)","decl":{"start":{"line":19,"column":12},"end":{"line":19,"column":13}},"loc":{"start":{"line":20,"column":4},"end":{"line":20,"column":null}},"line":20},"2":{"name":"(anonymous_2)","decl":{"start":{"line":21,"column":14},"end":{"line":21,"column":null}},"loc":{"start":{"line":22,"column":4},"end":{"line":22,"column":null}},"line":22}},"branchMap":{},"s":{"0":1,"1":1,"2":5,"3":1},"f":{"0":1,"1":5,"2":1},"b":{},"meta":{"lastBranch":0,"lastFunction":3,"lastStatement":4,"seen":{"s:15:13:23:Infinity":0,"f:15:48:15:49":0,"s:15:58:23:2":1,"f:19:12:19:13":1,"s:20:4:20:Infinity":2,"f:21:14:21:Infinity":2,"s:22:4:22:Infinity":3}}}
,"C:\\Projects\\life_planner\\src\\lib\\validations\\area.ts": {"path":"C:\\Projects\\life_planner\\src\\lib\\validations\\area.ts","statementMap":{"0":{"start":{"line":3,"column":26},"end":{"line":11,"column":null}}},"fnMap":{},"branchMap":{},"s":{"0":2},"f":{},"b":{},"meta":{"lastBranch":0,"lastFunction":0,"lastStatement":1,"seen":{"s:3:26:11:Infinity":0}}}
,"C:\\Projects\\life_planner\\src\\lib\\validations\\board.ts": {"path":"C:\\Projects\\life_planner\\src\\lib\\validations\\board.ts","statementMap":{"0":{"start":{"line":3,"column":27},"end":{"line":7,"column":null}}},"fnMap":{},"branchMap":{},"s":{"0":2},"f":{},"b":{},"meta":{"lastBranch":0,"lastFunction":0,"lastStatement":1,"seen":{"s:3:27:7:Infinity":0}}}
,"C:\\Projects\\life_planner\\src\\lib\\validations\\column.ts": {"path":"C:\\Projects\\life_planner\\src\\lib\\validations\\column.ts","statementMap":{"0":{"start":{"line":3,"column":28},"end":{"line":12,"column":null}}},"fnMap":{},"branchMap":{},"s":{"0":1},"f":{},"b":{},"meta":{"lastBranch":0,"lastFunction":0,"lastStatement":1,"seen":{"s:3:28:12:Infinity":0}}}
,"C:\\Projects\\life_planner\\src\\lib\\validations\\goal.ts": {"path":"C:\\Projects\\life_planner\\src\\lib\\validations\\goal.ts","statementMap":{"0":{"start":{"line":3,"column":26},"end":{"line":9,"column":null}}},"fnMap":{},"branchMap":{},"s":{"0":2},"f":{},"b":{},"meta":{"lastBranch":0,"lastFunction":0,"lastStatement":1,"seen":{"s:3:26:9:Infinity":0}}}
,"C:\\Projects\\life_planner\\src\\lib\\validations\\habit.ts": {"path":"C:\\Projects\\life_planner\\src\\lib\\validations\\habit.ts","statementMap":{"0":{"start":{"line":3,"column":27},"end":{"line":10,"column":null}},"1":{"start":{"line":12,"column":30},"end":{"line":17,"column":null}}},"fnMap":{},"branchMap":{},"s":{"0":2,"1":2},"f":{},"b":{},"meta":{"lastBranch":0,"lastFunction":0,"lastStatement":2,"seen":{"s:3:27:10:Infinity":0,"s:12:30:17:Infinity":1}}}
,"C:\\Projects\\life_planner\\src\\lib\\validations\\note.ts": {"path":"C:\\Projects\\life_planner\\src\\lib\\validations\\note.ts","statementMap":{"0":{"start":{"line":3,"column":26},"end":{"line":7,"column":null}}},"fnMap":{},"branchMap":{},"s":{"0":2},"f":{},"b":{},"meta":{"lastBranch":0,"lastFunction":0,"lastStatement":1,"seen":{"s:3:26:7:Infinity":0}}}
,"C:\\Projects\\life_planner\\src\\lib\\validations\\project.ts": {"path":"C:\\Projects\\life_planner\\src\\lib\\validations\\project.ts","statementMap":{"0":{"start":{"line":3,"column":29},"end":{"line":11,"column":null}}},"fnMap":{},"branchMap":{},"s":{"0":2},"f":{},"b":{},"meta":{"lastBranch":0,"lastFunction":0,"lastStatement":1,"seen":{"s:3:29:11:Infinity":0}}}
,"C:\\Projects\\life_planner\\src\\lib\\validations\\task.ts": {"path":"C:\\Projects\\life_planner\\src\\lib\\validations\\task.ts","statementMap":{"0":{"start":{"line":3,"column":26},"end":{"line":12,"column":null}}},"fnMap":{},"branchMap":{},"s":{"0":2},"f":{},"b":{},"meta":{"lastBranch":0,"lastFunction":0,"lastStatement":1,"seen":{"s:3:26:12:Infinity":0}}}
,"C:\\Projects\\life_planner\\src\\lib\\validations\\time.ts": {"path":"C:\\Projects\\life_planner\\src\\lib\\validations\\time.ts","statementMap":{"0":{"start":{"line":3,"column":31},"end":{"line":9,"column":null}}},"fnMap":{},"branchMap":{},"s":{"0":1},"f":{},"b":{},"meta":{"lastBranch":0,"lastFunction":0,"lastStatement":1,"seen":{"s:3:31:9:Infinity":0}}}
}
